<?xml version="1.0" encoding="UTF-8"?>
<testsuites name="TS_05_Changepassword" time="288.036" tests="5" failures="3" errors="0">
   <testsuite name="TS_05_Changepassword" tests="5" failures="3" errors="0" time="288.036" timestamp="2020-05-25 08:37:32" hostname="XuanNghiem - DESKTOP-OT9E64N.mshome.net" id="Test Suites/data-driven/TS_05_Changepassword">
      <properties>
         <property name="deviceName" value=""/>
         <property name="devicePlatform" value=""/>
         <property name="logFolder" value="C:\\Users\\XuanNghiem\\git\\mattermost-katalon-testing\\Reports\\20200525_083726\\data-driven\\TS_05_Changepassword\\20200525_083726"/>
         <property name="logFiles" value="C:\\Users\\XuanNghiem\\git\\mattermost-katalon-testing\\Reports\\20200525_083726\\data-driven\\TS_05_Changepassword\\20200525_083726\\execution0.log"/>
         <property name="attachments" value="C:\\Users\\XuanNghiem\\git\\mattermost-katalon-testing\\Reports\\20200525_083726\\data-driven\\TS_05_Changepassword\\20200525_083726\\1590370796556.png, C:\\Users\\XuanNghiem\\git\\mattermost-katalon-testing\\Reports\\20200525_083726\\data-driven\\TS_05_Changepassword\\20200525_083726\\1590370868407.png, C:\\Users\\XuanNghiem\\git\\mattermost-katalon-testing\\Reports\\20200525_083726\\data-driven\\TS_05_Changepassword\\20200525_083726\\1590370939084.png"/>
         <property name="hostName" value="XuanNghiem - DESKTOP-OT9E64N.mshome.net"/>
         <property name="os" value="Windows 10 64bit"/>
         <property name="katalonVersion" value="7.4.0.1"/>
         <property name="browser" value="Chrome 83.0.4103.61"/>
         <property name="hostAddress" value="192.168.137.1"/>
         <property name="sessionId" value="08b02950febd00e7b6ffe0a84c0d6a79"/>
         <property name="seleniumVersion" value="3.141.59"/>
         <property name="proxyInformation" value="ProxyInformation{proxyOption=NO_PROXY, proxyServerType=HTTP, password=, proxyServerAddress=, proxyServerPort=0, executionList=}"/>
         <property name="platform" value="Windows 10"/>
      </properties>
      <testcase name="Test Cases/Requirement_02/data-driven/TC_05_ChangePassword" time="47.587" classname="Test Cases/Requirement_02/data-driven/TC_05_ChangePassword" status="PASSED">
         <system-out><![CDATA[2020-05-25 08:37:33 - [TEST_CASE][PASSED] - Test Cases/Requirement_02/data-driven/TC_05_ChangePassword: Test Cases/Requirement_02/data-driven/TC_05_ChangePassword

2020-05-25 08:37:34 - [TEST_STEP][PASSED] - openBrowser(""): Browser is opened with url: ''

2020-05-25 08:37:35 - [MESSAGE][INFO] - Starting 'Chrome' driver

2020-05-25 08:37:35 - [MESSAGE][INFO] - Action delay is set to 0 milliseconds

2020-05-25 08:37:42 - [MESSAGE][PASSED] - Browser is opened with url: ''

2020-05-25 08:37:42 - [TEST_STEP][PASSED] - navigateToUrl("https://mattermost-cdnc.herokuapp.com/xuan-nghiem-210/channels/town-square"): Navigate to 'https://mattermost-cdnc.herokuapp.com/xuan-nghiem-210/channels/town-square' successfully

2020-05-25 08:37:50 - [MESSAGE][PASSED] - Navigate to 'https://mattermost-cdnc.herokuapp.com/xuan-nghiem-210/channels/town-square' successfully

2020-05-25 08:37:50 - [TEST_STEP][PASSED] - setText(findTestObject("Object Repository/data-driven/05_ChangePassword/Page_Mattermost/input_All team communication in one place s_703ef5"), "xuanghjem"): Text 'xuanghjem' is set on object 'Object Repository/data-driven/05_ChangePassword/Page_Mattermost/input_All team communication in one place s_703ef5'

2020-05-25 08:38:10 - [MESSAGE][PASSED] - Text 'xuanghjem' is set on object 'Object Repository/data-driven/05_ChangePassword/Page_Mattermost/input_All team communication in one place s_703ef5'

2020-05-25 08:38:10 - [TEST_STEP][PASSED] - setEncryptedText(findTestObject("Object Repository/data-driven/05_ChangePassword/Page_Mattermost/input_All team communication in one place s_2f2733"), password): Text ****** has been set on object 'Object Repository/data-driven/05_ChangePassword/Page_Mattermost/input_All team communication in one place s_2f2733'

2020-05-25 08:38:11 - [MESSAGE][PASSED] - Text ****** has been set on object 'Object Repository/data-driven/05_ChangePassword/Page_Mattermost/input_All team communication in one place s_2f2733'

2020-05-25 08:38:11 - [TEST_STEP][PASSED] - click(findTestObject("Object Repository/data-driven/05_ChangePassword/Page_Mattermost/span_Sign in")): Object: 'Object Repository/data-driven/05_ChangePassword/Page_Mattermost/span_Sign in' is clicked on

2020-05-25 08:38:12 - [MESSAGE][PASSED] - Object: 'Object Repository/data-driven/05_ChangePassword/Page_Mattermost/span_Sign in' is clicked on

2020-05-25 08:38:12 - [TEST_STEP][PASSED] - click(findTestObject("Object Repository/data-driven/05_ChangePassword/Page_Town Square - Xun Nghim Mattermost/span")): Object: 'Object Repository/data-driven/05_ChangePassword/Page_Town Square - Xun Nghim Mattermost/span' is clicked on

2020-05-25 08:38:15 - [MESSAGE][PASSED] - Object: 'Object Repository/data-driven/05_ChangePassword/Page_Town Square - Xun Nghim Mattermost/span' is clicked on

2020-05-25 08:38:15 - [TEST_STEP][PASSED] - click(findTestObject("Object Repository/data-driven/05_ChangePassword/Page_Town Square - Xun Nghim Mattermost/span_Account Settings")): Object: 'Object Repository/data-driven/05_ChangePassword/Page_Town Square - Xun Nghim Mattermost/span_Account Settings' is clicked on

2020-05-25 08:38:16 - [MESSAGE][PASSED] - Object: 'Object Repository/data-driven/05_ChangePassword/Page_Town Square - Xun Nghim Mattermost/span_Account Settings' is clicked on

2020-05-25 08:38:16 - [TEST_STEP][PASSED] - click(findTestObject("Object Repository/data-driven/05_ChangePassword/Page_Town Square - Xun Nghim Mattermost/button_Security")): Object: 'Object Repository/data-driven/05_ChangePassword/Page_Town Square - Xun Nghim Mattermost/button_Security' is clicked on

2020-05-25 08:38:16 - [MESSAGE][PASSED] - Object: 'Object Repository/data-driven/05_ChangePassword/Page_Town Square - Xun Nghim Mattermost/button_Security' is clicked on

2020-05-25 08:38:16 - [TEST_STEP][PASSED] - click(findTestObject("Object Repository/data-driven/05_ChangePassword/Page_Town Square - Xun Nghim Mattermost/span_Edit")): Object: 'Object Repository/data-driven/05_ChangePassword/Page_Town Square - Xun Nghim Mattermost/span_Edit' is clicked on

2020-05-25 08:38:17 - [MESSAGE][PASSED] - Object: 'Object Repository/data-driven/05_ChangePassword/Page_Town Square - Xun Nghim Mattermost/span_Edit' is clicked on

2020-05-25 08:38:17 - [TEST_STEP][PASSED] - setEncryptedText(findTestObject("Object Repository/data-driven/05_ChangePassword/Page_Town Square - Xun Nghim Mattermost/input_Current Password_currentPassword"), password): Text ****** has been set on object 'Object Repository/data-driven/05_ChangePassword/Page_Town Square - Xun Nghim Mattermost/input_Current Password_currentPassword'

2020-05-25 08:38:18 - [MESSAGE][PASSED] - Text ****** has been set on object 'Object Repository/data-driven/05_ChangePassword/Page_Town Square - Xun Nghim Mattermost/input_Current Password_currentPassword'

2020-05-25 08:38:18 - [TEST_STEP][PASSED] - setEncryptedText(findTestObject("Object Repository/data-driven/05_ChangePassword/Page_Town Square - Xun Nghim Mattermost/input_New Password_newPassword"), new_password): Text ****** has been set on object 'Object Repository/data-driven/05_ChangePassword/Page_Town Square - Xun Nghim Mattermost/input_New Password_newPassword'

2020-05-25 08:38:18 - [MESSAGE][PASSED] - Text ****** has been set on object 'Object Repository/data-driven/05_ChangePassword/Page_Town Square - Xun Nghim Mattermost/input_New Password_newPassword'

2020-05-25 08:38:18 - [TEST_STEP][PASSED] - setEncryptedText(findTestObject("Object Repository/data-driven/05_ChangePassword/Page_Town Square - Xun Nghim Mattermost/input_Retype New Password_confirmPassword"), confirm_password): Text ****** has been set on object 'Object Repository/data-driven/05_ChangePassword/Page_Town Square - Xun Nghim Mattermost/input_Retype New Password_confirmPassword'

2020-05-25 08:38:19 - [MESSAGE][PASSED] - Text ****** has been set on object 'Object Repository/data-driven/05_ChangePassword/Page_Town Square - Xun Nghim Mattermost/input_Retype New Password_confirmPassword'

2020-05-25 08:38:19 - [TEST_STEP][PASSED] - click(findTestObject("Object Repository/data-driven/05_ChangePassword/Page_Town Square - Xun Nghim Mattermost/span_Save")): Object: 'Object Repository/data-driven/05_ChangePassword/Page_Town Square - Xun Nghim Mattermost/span_Save' is clicked on

2020-05-25 08:38:20 - [MESSAGE][PASSED] - Object: 'Object Repository/data-driven/05_ChangePassword/Page_Town Square - Xun Nghim Mattermost/span_Save' is clicked on

2020-05-25 08:38:20 - [TEST_STEP][PASSED] - closeBrowser(): Browser is closed

2020-05-25 08:38:21 - [MESSAGE][PASSED] - Browser is closed]]></system-out>
         <system-err><![CDATA[]]></system-err>
      </testcase>
      <testcase name="Test Cases/Requirement_02/data-driven/TC_05_ChangePassword" time="31.066" classname="Test Cases/Requirement_02/data-driven/TC_05_ChangePassword" status="PASSED">
         <system-out><![CDATA[2020-05-25 08:38:21 - [TEST_CASE][PASSED] - Test Cases/Requirement_02/data-driven/TC_05_ChangePassword: Test Cases/Requirement_02/data-driven/TC_05_ChangePassword

2020-05-25 08:38:21 - [TEST_STEP][PASSED] - openBrowser(""): Browser is opened with url: ''

2020-05-25 08:38:21 - [MESSAGE][INFO] - Starting 'Chrome' driver

2020-05-25 08:38:21 - [MESSAGE][INFO] - Action delay is set to 0 milliseconds

2020-05-25 08:38:25 - [MESSAGE][PASSED] - Browser is opened with url: ''

2020-05-25 08:38:25 - [TEST_STEP][PASSED] - navigateToUrl("https://mattermost-cdnc.herokuapp.com/xuan-nghiem-210/channels/town-square"): Navigate to 'https://mattermost-cdnc.herokuapp.com/xuan-nghiem-210/channels/town-square' successfully

2020-05-25 08:38:31 - [MESSAGE][PASSED] - Navigate to 'https://mattermost-cdnc.herokuapp.com/xuan-nghiem-210/channels/town-square' successfully

2020-05-25 08:38:31 - [TEST_STEP][PASSED] - setText(findTestObject("Object Repository/data-driven/05_ChangePassword/Page_Mattermost/input_All team communication in one place s_703ef5"), "xuanghjem"): Text 'xuanghjem' is set on object 'Object Repository/data-driven/05_ChangePassword/Page_Mattermost/input_All team communication in one place s_703ef5'

2020-05-25 08:38:41 - [MESSAGE][PASSED] - Text 'xuanghjem' is set on object 'Object Repository/data-driven/05_ChangePassword/Page_Mattermost/input_All team communication in one place s_703ef5'

2020-05-25 08:38:41 - [TEST_STEP][PASSED] - setEncryptedText(findTestObject("Object Repository/data-driven/05_ChangePassword/Page_Mattermost/input_All team communication in one place s_2f2733"), password): Text ****** has been set on object 'Object Repository/data-driven/05_ChangePassword/Page_Mattermost/input_All team communication in one place s_2f2733'

2020-05-25 08:38:41 - [MESSAGE][PASSED] - Text ****** has been set on object 'Object Repository/data-driven/05_ChangePassword/Page_Mattermost/input_All team communication in one place s_2f2733'

2020-05-25 08:38:41 - [TEST_STEP][PASSED] - click(findTestObject("Object Repository/data-driven/05_ChangePassword/Page_Mattermost/span_Sign in")): Object: 'Object Repository/data-driven/05_ChangePassword/Page_Mattermost/span_Sign in' is clicked on

2020-05-25 08:38:42 - [MESSAGE][PASSED] - Object: 'Object Repository/data-driven/05_ChangePassword/Page_Mattermost/span_Sign in' is clicked on

2020-05-25 08:38:42 - [TEST_STEP][PASSED] - click(findTestObject("Object Repository/data-driven/05_ChangePassword/Page_Town Square - Xun Nghim Mattermost/span")): Object: 'Object Repository/data-driven/05_ChangePassword/Page_Town Square - Xun Nghim Mattermost/span' is clicked on

2020-05-25 08:38:46 - [MESSAGE][PASSED] - Object: 'Object Repository/data-driven/05_ChangePassword/Page_Town Square - Xun Nghim Mattermost/span' is clicked on

2020-05-25 08:38:46 - [TEST_STEP][PASSED] - click(findTestObject("Object Repository/data-driven/05_ChangePassword/Page_Town Square - Xun Nghim Mattermost/span_Account Settings")): Object: 'Object Repository/data-driven/05_ChangePassword/Page_Town Square - Xun Nghim Mattermost/span_Account Settings' is clicked on

2020-05-25 08:38:47 - [MESSAGE][PASSED] - Object: 'Object Repository/data-driven/05_ChangePassword/Page_Town Square - Xun Nghim Mattermost/span_Account Settings' is clicked on

2020-05-25 08:38:47 - [TEST_STEP][PASSED] - click(findTestObject("Object Repository/data-driven/05_ChangePassword/Page_Town Square - Xun Nghim Mattermost/button_Security")): Object: 'Object Repository/data-driven/05_ChangePassword/Page_Town Square - Xun Nghim Mattermost/button_Security' is clicked on

2020-05-25 08:38:48 - [MESSAGE][PASSED] - Object: 'Object Repository/data-driven/05_ChangePassword/Page_Town Square - Xun Nghim Mattermost/button_Security' is clicked on

2020-05-25 08:38:48 - [TEST_STEP][PASSED] - click(findTestObject("Object Repository/data-driven/05_ChangePassword/Page_Town Square - Xun Nghim Mattermost/span_Edit")): Object: 'Object Repository/data-driven/05_ChangePassword/Page_Town Square - Xun Nghim Mattermost/span_Edit' is clicked on

2020-05-25 08:38:48 - [MESSAGE][PASSED] - Object: 'Object Repository/data-driven/05_ChangePassword/Page_Town Square - Xun Nghim Mattermost/span_Edit' is clicked on

2020-05-25 08:38:48 - [TEST_STEP][PASSED] - setEncryptedText(findTestObject("Object Repository/data-driven/05_ChangePassword/Page_Town Square - Xun Nghim Mattermost/input_Current Password_currentPassword"), password): Text ****** has been set on object 'Object Repository/data-driven/05_ChangePassword/Page_Town Square - Xun Nghim Mattermost/input_Current Password_currentPassword'

2020-05-25 08:38:49 - [MESSAGE][PASSED] - Text ****** has been set on object 'Object Repository/data-driven/05_ChangePassword/Page_Town Square - Xun Nghim Mattermost/input_Current Password_currentPassword'

2020-05-25 08:38:49 - [TEST_STEP][PASSED] - setEncryptedText(findTestObject("Object Repository/data-driven/05_ChangePassword/Page_Town Square - Xun Nghim Mattermost/input_New Password_newPassword"), new_password): Text ****** has been set on object 'Object Repository/data-driven/05_ChangePassword/Page_Town Square - Xun Nghim Mattermost/input_New Password_newPassword'

2020-05-25 08:38:50 - [MESSAGE][PASSED] - Text ****** has been set on object 'Object Repository/data-driven/05_ChangePassword/Page_Town Square - Xun Nghim Mattermost/input_New Password_newPassword'

2020-05-25 08:38:50 - [TEST_STEP][PASSED] - setEncryptedText(findTestObject("Object Repository/data-driven/05_ChangePassword/Page_Town Square - Xun Nghim Mattermost/input_Retype New Password_confirmPassword"), confirm_password): Text ****** has been set on object 'Object Repository/data-driven/05_ChangePassword/Page_Town Square - Xun Nghim Mattermost/input_Retype New Password_confirmPassword'

2020-05-25 08:38:50 - [MESSAGE][PASSED] - Text ****** has been set on object 'Object Repository/data-driven/05_ChangePassword/Page_Town Square - Xun Nghim Mattermost/input_Retype New Password_confirmPassword'

2020-05-25 08:38:50 - [TEST_STEP][PASSED] - click(findTestObject("Object Repository/data-driven/05_ChangePassword/Page_Town Square - Xun Nghim Mattermost/span_Save")): Object: 'Object Repository/data-driven/05_ChangePassword/Page_Town Square - Xun Nghim Mattermost/span_Save' is clicked on

2020-05-25 08:38:51 - [MESSAGE][PASSED] - Object: 'Object Repository/data-driven/05_ChangePassword/Page_Town Square - Xun Nghim Mattermost/span_Save' is clicked on

2020-05-25 08:38:51 - [TEST_STEP][PASSED] - closeBrowser(): Browser is closed

2020-05-25 08:38:52 - [MESSAGE][PASSED] - Browser is closed]]></system-out>
         <system-err><![CDATA[]]></system-err>
      </testcase>
      <testcase name="Test Cases/Requirement_02/data-driven/TC_05_ChangePassword" time="64.695" classname="Test Cases/Requirement_02/data-driven/TC_05_ChangePassword" status="FAILED">
         <failure type="FAILED" message="Test Cases/Requirement_02/data-driven/TC_05_ChangePassword FAILED.
Reason:
com.kms.katalon.core.exception.StepFailedException: Unable to click on object 'Object Repository/data-driven/05_ChangePassword/Page_Town Square - Xun Nghim Mattermost/span'
	at com.kms.katalon.core.webui.keyword.internal.WebUIKeywordMain.stepFailed(WebUIKeywordMain.groovy:64)
	at com.kms.katalon.core.webui.keyword.internal.WebUIKeywordMain.runKeyword(WebUIKeywordMain.groovy:26)
	at com.kms.katalon.core.webui.keyword.builtin.ClickKeyword.click(ClickKeyword.groovy:76)
	at com.kms.katalon.core.webui.keyword.builtin.ClickKeyword.execute(ClickKeyword.groovy:43)
	at com.kms.katalon.core.keyword.internal.KeywordExecutor.executeKeywordForPlatform(KeywordExecutor.groovy:72)
	at com.kms.katalon.core.webui.keyword.WebUiBuiltInKeywords.click(WebUiBuiltInKeywords.groovy:616)
	at com.kms.katalon.core.webui.keyword.WebUiBuiltInKeywords$click$3.call(Unknown Source)
	at TC_05_ChangePassword.run(TC_05_ChangePassword:31)
	at com.kms.katalon.core.main.ScriptEngine.run(ScriptEngine.java:194)
	at com.kms.katalon.core.main.ScriptEngine.runScriptAsRawText(ScriptEngine.java:119)
	at com.kms.katalon.core.main.TestCaseExecutor.runScript(TestCaseExecutor.java:337)
	at com.kms.katalon.core.main.TestCaseExecutor.doExecute(TestCaseExecutor.java:328)
	at com.kms.katalon.core.main.TestCaseExecutor.processExecutionPhase(TestCaseExecutor.java:307)
	at com.kms.katalon.core.main.TestCaseExecutor.accessMainPhase(TestCaseExecutor.java:299)
	at com.kms.katalon.core.main.TestCaseExecutor.execute(TestCaseExecutor.java:233)
	at com.kms.katalon.core.main.TestSuiteExecutor.accessTestCaseMainPhase(TestSuiteExecutor.java:169)
	at com.kms.katalon.core.main.TestSuiteExecutor.accessTestSuiteMainPhase(TestSuiteExecutor.java:142)
	at com.kms.katalon.core.main.TestSuiteExecutor.execute(TestSuiteExecutor.java:91)
	at com.kms.katalon.core.main.TestCaseMain.startTestSuite(TestCaseMain.java:157)
	at com.kms.katalon.core.main.TestCaseMain$startTestSuite$0.call(Unknown Source)
	at TempTestSuite1590370646910.run(TempTestSuite1590370646910.groovy:37)
Caused by: com.kms.katalon.core.webui.exception.WebElementNotFoundException: Web element with id: 'Object Repository/data-driven/05_ChangePassword/Page_Town Square - Xun Nghim Mattermost/span' located by 'By.xpath: //div[@id='headerInfo']/button/span' not found
	at com.kms.katalon.core.webui.common.WebUiCommonHelper.findWebElement(WebUiCommonHelper.java:1154)
	at com.kms.katalon.core.webui.keyword.internal.WebUIAbstractKeyword.findWebElement(WebUIAbstractKeyword.groovy:27)
	at com.kms.katalon.core.webui.keyword.internal.WebUIAbstractKeyword.findWebElement(WebUIAbstractKeyword.groovy:26)
	at com.kms.katalon.core.webui.keyword.builtin.ClickKeyword$_click_closure1.doCall(ClickKeyword.groovy:67)
	at com.kms.katalon.core.webui.keyword.builtin.ClickKeyword$_click_closure1.call(ClickKeyword.groovy)
	at com.kms.katalon.core.webui.keyword.internal.WebUIKeywordMain.runKeyword(WebUIKeywordMain.groovy:20)
	... 19 more
"/>
         <system-out><![CDATA[2020-05-25 08:38:52 - [TEST_CASE][FAILED] - Test Cases/Requirement_02/data-driven/TC_05_ChangePassword: Test Cases/Requirement_02/data-driven/TC_05_ChangePassword FAILED.
Reason:
com.kms.katalon.core.exception.StepFailedException: Unable to click on object 'Object Repository/data-driven/05_ChangePassword/Page_Town Square - Xun Nghim Mattermost/span'
	at com.kms.katalon.core.webui.keyword.internal.WebUIKeywordMain.stepFailed(WebUIKeywordMain.groovy:64)
	at com.kms.katalon.core.webui.keyword.internal.WebUIKeywordMain.runKeyword(WebUIKeywordMain.groovy:26)
	at com.kms.katalon.core.webui.keyword.builtin.ClickKeyword.click(ClickKeyword.groovy:76)
	at com.kms.katalon.core.webui.keyword.builtin.ClickKeyword.execute(ClickKeyword.groovy:43)
	at com.kms.katalon.core.keyword.internal.KeywordExecutor.executeKeywordForPlatform(KeywordExecutor.groovy:72)
	at com.kms.katalon.core.webui.keyword.WebUiBuiltInKeywords.click(WebUiBuiltInKeywords.groovy:616)
	at com.kms.katalon.core.webui.keyword.WebUiBuiltInKeywords$click$3.call(Unknown Source)
	at TC_05_ChangePassword.run(TC_05_ChangePassword:31)
	at com.kms.katalon.core.main.ScriptEngine.run(ScriptEngine.java:194)
	at com.kms.katalon.core.main.ScriptEngine.runScriptAsRawText(ScriptEngine.java:119)
	at com.kms.katalon.core.main.TestCaseExecutor.runScript(TestCaseExecutor.java:337)
	at com.kms.katalon.core.main.TestCaseExecutor.doExecute(TestCaseExecutor.java:328)
	at com.kms.katalon.core.main.TestCaseExecutor.processExecutionPhase(TestCaseExecutor.java:307)
	at com.kms.katalon.core.main.TestCaseExecutor.accessMainPhase(TestCaseExecutor.java:299)
	at com.kms.katalon.core.main.TestCaseExecutor.execute(TestCaseExecutor.java:233)
	at com.kms.katalon.core.main.TestSuiteExecutor.accessTestCaseMainPhase(TestSuiteExecutor.java:169)
	at com.kms.katalon.core.main.TestSuiteExecutor.accessTestSuiteMainPhase(TestSuiteExecutor.java:142)
	at com.kms.katalon.core.main.TestSuiteExecutor.execute(TestSuiteExecutor.java:91)
	at com.kms.katalon.core.main.TestCaseMain.startTestSuite(TestCaseMain.java:157)
	at com.kms.katalon.core.main.TestCaseMain$startTestSuite$0.call(Unknown Source)
	at TempTestSuite1590370646910.run(TempTestSuite1590370646910.groovy:37)
Caused by: com.kms.katalon.core.webui.exception.WebElementNotFoundException: Web element with id: 'Object Repository/data-driven/05_ChangePassword/Page_Town Square - Xun Nghim Mattermost/span' located by 'By.xpath: //div[@id='headerInfo']/button/span' not found
	at com.kms.katalon.core.webui.common.WebUiCommonHelper.findWebElement(WebUiCommonHelper.java:1154)
	at com.kms.katalon.core.webui.keyword.internal.WebUIAbstractKeyword.findWebElement(WebUIAbstractKeyword.groovy:27)
	at com.kms.katalon.core.webui.keyword.internal.WebUIAbstractKeyword.findWebElement(WebUIAbstractKeyword.groovy:26)
	at com.kms.katalon.core.webui.keyword.builtin.ClickKeyword$_click_closure1.doCall(ClickKeyword.groovy:67)
	at com.kms.katalon.core.webui.keyword.builtin.ClickKeyword$_click_closure1.call(ClickKeyword.groovy)
	at com.kms.katalon.core.webui.keyword.internal.WebUIKeywordMain.runKeyword(WebUIKeywordMain.groovy:20)
	... 19 more


2020-05-25 08:38:52 - [TEST_STEP][PASSED] - openBrowser(""): Browser is opened with url: ''

2020-05-25 08:38:52 - [MESSAGE][INFO] - Starting 'Chrome' driver

2020-05-25 08:38:52 - [MESSAGE][INFO] - Action delay is set to 0 milliseconds

2020-05-25 08:38:56 - [MESSAGE][PASSED] - Browser is opened with url: ''

2020-05-25 08:38:56 - [TEST_STEP][PASSED] - navigateToUrl("https://mattermost-cdnc.herokuapp.com/xuan-nghiem-210/channels/town-square"): Navigate to 'https://mattermost-cdnc.herokuapp.com/xuan-nghiem-210/channels/town-square' successfully

2020-05-25 08:39:01 - [MESSAGE][PASSED] - Navigate to 'https://mattermost-cdnc.herokuapp.com/xuan-nghiem-210/channels/town-square' successfully

2020-05-25 08:39:01 - [TEST_STEP][PASSED] - setText(findTestObject("Object Repository/data-driven/05_ChangePassword/Page_Mattermost/input_All team communication in one place s_703ef5"), "xuanghjem"): Text 'xuanghjem' is set on object 'Object Repository/data-driven/05_ChangePassword/Page_Mattermost/input_All team communication in one place s_703ef5'

2020-05-25 08:39:08 - [MESSAGE][PASSED] - Text 'xuanghjem' is set on object 'Object Repository/data-driven/05_ChangePassword/Page_Mattermost/input_All team communication in one place s_703ef5'

2020-05-25 08:39:08 - [TEST_STEP][PASSED] - setEncryptedText(findTestObject("Object Repository/data-driven/05_ChangePassword/Page_Mattermost/input_All team communication in one place s_2f2733"), password): Text ****** has been set on object 'Object Repository/data-driven/05_ChangePassword/Page_Mattermost/input_All team communication in one place s_2f2733'

2020-05-25 08:39:09 - [MESSAGE][PASSED] - Text ****** has been set on object 'Object Repository/data-driven/05_ChangePassword/Page_Mattermost/input_All team communication in one place s_2f2733'

2020-05-25 08:39:09 - [TEST_STEP][PASSED] - click(findTestObject("Object Repository/data-driven/05_ChangePassword/Page_Mattermost/span_Sign in")): Object: 'Object Repository/data-driven/05_ChangePassword/Page_Mattermost/span_Sign in' is clicked on

2020-05-25 08:39:10 - [MESSAGE][PASSED] - Object: 'Object Repository/data-driven/05_ChangePassword/Page_Mattermost/span_Sign in' is clicked on

2020-05-25 08:39:10 - [TEST_STEP][FAILED] - click(findTestObject("Object Repository/data-driven/05_ChangePassword/Page_Town Square - Xun Nghim Mattermost/span")): Unable to click on object 'Object Repository/data-driven/05_ChangePassword/Page_Town Square - Xun Nghim Mattermost/span' (Root cause: com.kms.katalon.core.exception.StepFailedException: Unable to click on object 'Object Repository/data-driven/05_ChangePassword/Page_Town Square - Xun Nghim Mattermost/span'
	at com.kms.katalon.core.webui.keyword.internal.WebUIKeywordMain.stepFailed(WebUIKeywordMain.groovy:64)
	at com.kms.katalon.core.webui.keyword.internal.WebUIKeywordMain.runKeyword(WebUIKeywordMain.groovy:26)
	at com.kms.katalon.core.webui.keyword.builtin.ClickKeyword.click(ClickKeyword.groovy:76)
	at com.kms.katalon.core.webui.keyword.builtin.ClickKeyword.execute(ClickKeyword.groovy:43)
	at com.kms.katalon.core.keyword.internal.KeywordExecutor.executeKeywordForPlatform(KeywordExecutor.groovy:72)
	at com.kms.katalon.core.webui.keyword.WebUiBuiltInKeywords.click(WebUiBuiltInKeywords.groovy:616)
	at com.kms.katalon.core.webui.keyword.WebUiBuiltInKeywords$click$3.call(Unknown Source)
	at TC_05_ChangePassword.run(TC_05_ChangePassword:31)
	at com.kms.katalon.core.main.ScriptEngine.run(ScriptEngine.java:194)
	at com.kms.katalon.core.main.ScriptEngine.runScriptAsRawText(ScriptEngine.java:119)
	at com.kms.katalon.core.main.TestCaseExecutor.runScript(TestCaseExecutor.java:337)
	at com.kms.katalon.core.main.TestCaseExecutor.doExecute(TestCaseExecutor.java:328)
	at com.kms.katalon.core.main.TestCaseExecutor.processExecutionPhase(TestCaseExecutor.java:307)
	at com.kms.katalon.core.main.TestCaseExecutor.accessMainPhase(TestCaseExecutor.java:299)
	at com.kms.katalon.core.main.TestCaseExecutor.execute(TestCaseExecutor.java:233)
	at com.kms.katalon.core.main.TestSuiteExecutor.accessTestCaseMainPhase(TestSuiteExecutor.java:169)
	at com.kms.katalon.core.main.TestSuiteExecutor.accessTestSuiteMainPhase(TestSuiteExecutor.java:142)
	at com.kms.katalon.core.main.TestSuiteExecutor.execute(TestSuiteExecutor.java:91)
	at com.kms.katalon.core.main.TestCaseMain.startTestSuite(TestCaseMain.java:157)
	at com.kms.katalon.core.main.TestCaseMain$startTestSuite$0.call(Unknown Source)
	at TempTestSuite1590370646910.run(TempTestSuite1590370646910.groovy:37)
Caused by: com.kms.katalon.core.webui.exception.WebElementNotFoundException: Web element with id: 'Object Repository/data-driven/05_ChangePassword/Page_Town Square - Xun Nghim Mattermost/span' located by 'By.xpath: //div[@id='headerInfo']/button/span' not found
	at com.kms.katalon.core.webui.common.WebUiCommonHelper.findWebElement(WebUiCommonHelper.java:1154)
	at com.kms.katalon.core.webui.keyword.internal.WebUIAbstractKeyword.findWebElement(WebUIAbstractKeyword.groovy:27)
	at com.kms.katalon.core.webui.keyword.internal.WebUIAbstractKeyword.findWebElement(WebUIAbstractKeyword.groovy:26)
	at com.kms.katalon.core.webui.keyword.builtin.ClickKeyword$_click_closure1.doCall(ClickKeyword.groovy:67)
	at com.kms.katalon.core.webui.keyword.builtin.ClickKeyword$_click_closure1.call(ClickKeyword.groovy)
	at com.kms.katalon.core.webui.keyword.internal.WebUIKeywordMain.runKeyword(WebUIKeywordMain.groovy:20)
	at com.kms.katalon.core.webui.keyword.builtin.ClickKeyword.click(ClickKeyword.groovy:76)
	at com.kms.katalon.core.webui.keyword.builtin.ClickKeyword.execute(ClickKeyword.groovy:43)
	at com.kms.katalon.core.keyword.internal.KeywordExecutor.executeKeywordForPlatform(KeywordExecutor.groovy:72)
	at com.kms.katalon.core.webui.keyword.WebUiBuiltInKeywords.click(WebUiBuiltInKeywords.groovy:616)
	at com.kms.katalon.core.webui.keyword.WebUiBuiltInKeywords$click$3.call(Unknown Source)
	at Script1590367318570.run(Script1590367318570.groovy:31)
	... 13 more
)

2020-05-25 08:39:56 - [MESSAGE][INFO] - Unable to find the element located by 'By.xpath: //div[@id='headerInfo']/button/span'. Please recheck the objects properties to make sure the desired element is located. 

2020-05-25 08:39:56 - [MESSAGE][FAILED] - Unable to click on object 'Object Repository/data-driven/05_ChangePassword/Page_Town Square - Xun Nghim Mattermost/span' (Root cause: com.kms.katalon.core.exception.StepFailedException: Unable to click on object 'Object Repository/data-driven/05_ChangePassword/Page_Town Square - Xun Nghim Mattermost/span'
	at com.kms.katalon.core.webui.keyword.internal.WebUIKeywordMain.stepFailed(WebUIKeywordMain.groovy:64)
	at com.kms.katalon.core.webui.keyword.internal.WebUIKeywordMain.runKeyword(WebUIKeywordMain.groovy:26)
	at com.kms.katalon.core.webui.keyword.builtin.ClickKeyword.click(ClickKeyword.groovy:76)
	at com.kms.katalon.core.webui.keyword.builtin.ClickKeyword.execute(ClickKeyword.groovy:43)
	at com.kms.katalon.core.keyword.internal.KeywordExecutor.executeKeywordForPlatform(KeywordExecutor.groovy:72)
	at com.kms.katalon.core.webui.keyword.WebUiBuiltInKeywords.click(WebUiBuiltInKeywords.groovy:616)
	at com.kms.katalon.core.webui.keyword.WebUiBuiltInKeywords$click$3.call(Unknown Source)
	at TC_05_ChangePassword.run(TC_05_ChangePassword:31)
	at com.kms.katalon.core.main.ScriptEngine.run(ScriptEngine.java:194)
	at com.kms.katalon.core.main.ScriptEngine.runScriptAsRawText(ScriptEngine.java:119)
	at com.kms.katalon.core.main.TestCaseExecutor.runScript(TestCaseExecutor.java:337)
	at com.kms.katalon.core.main.TestCaseExecutor.doExecute(TestCaseExecutor.java:328)
	at com.kms.katalon.core.main.TestCaseExecutor.processExecutionPhase(TestCaseExecutor.java:307)
	at com.kms.katalon.core.main.TestCaseExecutor.accessMainPhase(TestCaseExecutor.java:299)
	at com.kms.katalon.core.main.TestCaseExecutor.execute(TestCaseExecutor.java:233)
	at com.kms.katalon.core.main.TestSuiteExecutor.accessTestCaseMainPhase(TestSuiteExecutor.java:169)
	at com.kms.katalon.core.main.TestSuiteExecutor.accessTestSuiteMainPhase(TestSuiteExecutor.java:142)
	at com.kms.katalon.core.main.TestSuiteExecutor.execute(TestSuiteExecutor.java:91)
	at com.kms.katalon.core.main.TestCaseMain.startTestSuite(TestCaseMain.java:157)
	at com.kms.katalon.core.main.TestCaseMain$startTestSuite$0.call(Unknown Source)
	at TempTestSuite1590370646910.run(TempTestSuite1590370646910.groovy:37)
Caused by: com.kms.katalon.core.webui.exception.WebElementNotFoundException: Web element with id: 'Object Repository/data-driven/05_ChangePassword/Page_Town Square - Xun Nghim Mattermost/span' located by 'By.xpath: //div[@id='headerInfo']/button/span' not found
	at com.kms.katalon.core.webui.common.WebUiCommonHelper.findWebElement(WebUiCommonHelper.java:1154)
	at com.kms.katalon.core.webui.keyword.internal.WebUIAbstractKeyword.findWebElement(WebUIAbstractKeyword.groovy:27)
	at com.kms.katalon.core.webui.keyword.internal.WebUIAbstractKeyword.findWebElement(WebUIAbstractKeyword.groovy:26)
	at com.kms.katalon.core.webui.keyword.builtin.ClickKeyword$_click_closure1.doCall(ClickKeyword.groovy:67)
	at com.kms.katalon.core.webui.keyword.builtin.ClickKeyword$_click_closure1.call(ClickKeyword.groovy)
	at com.kms.katalon.core.webui.keyword.internal.WebUIKeywordMain.runKeyword(WebUIKeywordMain.groovy:20)
	at com.kms.katalon.core.webui.keyword.builtin.ClickKeyword.click(ClickKeyword.groovy:76)
	at com.kms.katalon.core.webui.keyword.builtin.ClickKeyword.execute(ClickKeyword.groovy:43)
	at com.kms.katalon.core.keyword.internal.KeywordExecutor.executeKeywordForPlatform(KeywordExecutor.groovy:72)
	at com.kms.katalon.core.webui.keyword.WebUiBuiltInKeywords.click(WebUiBuiltInKeywords.groovy:616)
	at com.kms.katalon.core.webui.keyword.WebUiBuiltInKeywords$click$3.call(Unknown Source)
	at Script1590367318570.run(Script1590367318570.groovy:31)
	... 13 more
)
[[ATTACHMENT|C:\\Users\\XuanNghiem\\git\\mattermost-katalon-testing\\Reports\\20200525_083726\\data-driven\\TS_05_Changepassword\\20200525_083726\\1590370796556.png]]]]></system-out>
         <system-err><![CDATA[2020-05-25 08:38:52 - [TEST_CASE][FAILED] - Test Cases/Requirement_02/data-driven/TC_05_ChangePassword: Test Cases/Requirement_02/data-driven/TC_05_ChangePassword FAILED.
Reason:
com.kms.katalon.core.exception.StepFailedException: Unable to click on object 'Object Repository/data-driven/05_ChangePassword/Page_Town Square - Xun Nghim Mattermost/span'
	at com.kms.katalon.core.webui.keyword.internal.WebUIKeywordMain.stepFailed(WebUIKeywordMain.groovy:64)
	at com.kms.katalon.core.webui.keyword.internal.WebUIKeywordMain.runKeyword(WebUIKeywordMain.groovy:26)
	at com.kms.katalon.core.webui.keyword.builtin.ClickKeyword.click(ClickKeyword.groovy:76)
	at com.kms.katalon.core.webui.keyword.builtin.ClickKeyword.execute(ClickKeyword.groovy:43)
	at com.kms.katalon.core.keyword.internal.KeywordExecutor.executeKeywordForPlatform(KeywordExecutor.groovy:72)
	at com.kms.katalon.core.webui.keyword.WebUiBuiltInKeywords.click(WebUiBuiltInKeywords.groovy:616)
	at com.kms.katalon.core.webui.keyword.WebUiBuiltInKeywords$click$3.call(Unknown Source)
	at TC_05_ChangePassword.run(TC_05_ChangePassword:31)
	at com.kms.katalon.core.main.ScriptEngine.run(ScriptEngine.java:194)
	at com.kms.katalon.core.main.ScriptEngine.runScriptAsRawText(ScriptEngine.java:119)
	at com.kms.katalon.core.main.TestCaseExecutor.runScript(TestCaseExecutor.java:337)
	at com.kms.katalon.core.main.TestCaseExecutor.doExecute(TestCaseExecutor.java:328)
	at com.kms.katalon.core.main.TestCaseExecutor.processExecutionPhase(TestCaseExecutor.java:307)
	at com.kms.katalon.core.main.TestCaseExecutor.accessMainPhase(TestCaseExecutor.java:299)
	at com.kms.katalon.core.main.TestCaseExecutor.execute(TestCaseExecutor.java:233)
	at com.kms.katalon.core.main.TestSuiteExecutor.accessTestCaseMainPhase(TestSuiteExecutor.java:169)
	at com.kms.katalon.core.main.TestSuiteExecutor.accessTestSuiteMainPhase(TestSuiteExecutor.java:142)
	at com.kms.katalon.core.main.TestSuiteExecutor.execute(TestSuiteExecutor.java:91)
	at com.kms.katalon.core.main.TestCaseMain.startTestSuite(TestCaseMain.java:157)
	at com.kms.katalon.core.main.TestCaseMain$startTestSuite$0.call(Unknown Source)
	at TempTestSuite1590370646910.run(TempTestSuite1590370646910.groovy:37)
Caused by: com.kms.katalon.core.webui.exception.WebElementNotFoundException: Web element with id: 'Object Repository/data-driven/05_ChangePassword/Page_Town Square - Xun Nghim Mattermost/span' located by 'By.xpath: //div[@id='headerInfo']/button/span' not found
	at com.kms.katalon.core.webui.common.WebUiCommonHelper.findWebElement(WebUiCommonHelper.java:1154)
	at com.kms.katalon.core.webui.keyword.internal.WebUIAbstractKeyword.findWebElement(WebUIAbstractKeyword.groovy:27)
	at com.kms.katalon.core.webui.keyword.internal.WebUIAbstractKeyword.findWebElement(WebUIAbstractKeyword.groovy:26)
	at com.kms.katalon.core.webui.keyword.builtin.ClickKeyword$_click_closure1.doCall(ClickKeyword.groovy:67)
	at com.kms.katalon.core.webui.keyword.builtin.ClickKeyword$_click_closure1.call(ClickKeyword.groovy)
	at com.kms.katalon.core.webui.keyword.internal.WebUIKeywordMain.runKeyword(WebUIKeywordMain.groovy:20)
	... 19 more]]></system-err>
      </testcase>
      <testcase name="Test Cases/Requirement_02/data-driven/TC_05_ChangePassword" time="71.617" classname="Test Cases/Requirement_02/data-driven/TC_05_ChangePassword" status="FAILED">
         <failure type="FAILED" message="Test Cases/Requirement_02/data-driven/TC_05_ChangePassword FAILED.
Reason:
com.kms.katalon.core.exception.StepFailedException: Unable to click on object 'Object Repository/data-driven/05_ChangePassword/Page_Town Square - Xun Nghim Mattermost/span'
	at com.kms.katalon.core.webui.keyword.internal.WebUIKeywordMain.stepFailed(WebUIKeywordMain.groovy:64)
	at com.kms.katalon.core.webui.keyword.internal.WebUIKeywordMain.runKeyword(WebUIKeywordMain.groovy:26)
	at com.kms.katalon.core.webui.keyword.builtin.ClickKeyword.click(ClickKeyword.groovy:76)
	at com.kms.katalon.core.webui.keyword.builtin.ClickKeyword.execute(ClickKeyword.groovy:43)
	at com.kms.katalon.core.keyword.internal.KeywordExecutor.executeKeywordForPlatform(KeywordExecutor.groovy:72)
	at com.kms.katalon.core.webui.keyword.WebUiBuiltInKeywords.click(WebUiBuiltInKeywords.groovy:616)
	at com.kms.katalon.core.webui.keyword.WebUiBuiltInKeywords$click$3.call(Unknown Source)
	at TC_05_ChangePassword.run(TC_05_ChangePassword:31)
	at com.kms.katalon.core.main.ScriptEngine.run(ScriptEngine.java:194)
	at com.kms.katalon.core.main.ScriptEngine.runScriptAsRawText(ScriptEngine.java:119)
	at com.kms.katalon.core.main.TestCaseExecutor.runScript(TestCaseExecutor.java:337)
	at com.kms.katalon.core.main.TestCaseExecutor.doExecute(TestCaseExecutor.java:328)
	at com.kms.katalon.core.main.TestCaseExecutor.processExecutionPhase(TestCaseExecutor.java:307)
	at com.kms.katalon.core.main.TestCaseExecutor.accessMainPhase(TestCaseExecutor.java:299)
	at com.kms.katalon.core.main.TestCaseExecutor.execute(TestCaseExecutor.java:233)
	at com.kms.katalon.core.main.TestSuiteExecutor.accessTestCaseMainPhase(TestSuiteExecutor.java:169)
	at com.kms.katalon.core.main.TestSuiteExecutor.accessTestSuiteMainPhase(TestSuiteExecutor.java:142)
	at com.kms.katalon.core.main.TestSuiteExecutor.execute(TestSuiteExecutor.java:91)
	at com.kms.katalon.core.main.TestCaseMain.startTestSuite(TestCaseMain.java:157)
	at com.kms.katalon.core.main.TestCaseMain$startTestSuite$0.call(Unknown Source)
	at TempTestSuite1590370646910.run(TempTestSuite1590370646910.groovy:37)
Caused by: com.kms.katalon.core.webui.exception.WebElementNotFoundException: Web element with id: 'Object Repository/data-driven/05_ChangePassword/Page_Town Square - Xun Nghim Mattermost/span' located by 'By.xpath: //div[@id='headerInfo']/button/span' not found
	at com.kms.katalon.core.webui.common.WebUiCommonHelper.findWebElement(WebUiCommonHelper.java:1154)
	at com.kms.katalon.core.webui.keyword.internal.WebUIAbstractKeyword.findWebElement(WebUIAbstractKeyword.groovy:27)
	at com.kms.katalon.core.webui.keyword.internal.WebUIAbstractKeyword.findWebElement(WebUIAbstractKeyword.groovy:26)
	at com.kms.katalon.core.webui.keyword.builtin.ClickKeyword$_click_closure1.doCall(ClickKeyword.groovy:67)
	at com.kms.katalon.core.webui.keyword.builtin.ClickKeyword$_click_closure1.call(ClickKeyword.groovy)
	at com.kms.katalon.core.webui.keyword.internal.WebUIKeywordMain.runKeyword(WebUIKeywordMain.groovy:20)
	... 19 more
"/>
         <system-out><![CDATA[2020-05-25 08:39:57 - [TEST_CASE][FAILED] - Test Cases/Requirement_02/data-driven/TC_05_ChangePassword: Test Cases/Requirement_02/data-driven/TC_05_ChangePassword FAILED.
Reason:
com.kms.katalon.core.exception.StepFailedException: Unable to click on object 'Object Repository/data-driven/05_ChangePassword/Page_Town Square - Xun Nghim Mattermost/span'
	at com.kms.katalon.core.webui.keyword.internal.WebUIKeywordMain.stepFailed(WebUIKeywordMain.groovy:64)
	at com.kms.katalon.core.webui.keyword.internal.WebUIKeywordMain.runKeyword(WebUIKeywordMain.groovy:26)
	at com.kms.katalon.core.webui.keyword.builtin.ClickKeyword.click(ClickKeyword.groovy:76)
	at com.kms.katalon.core.webui.keyword.builtin.ClickKeyword.execute(ClickKeyword.groovy:43)
	at com.kms.katalon.core.keyword.internal.KeywordExecutor.executeKeywordForPlatform(KeywordExecutor.groovy:72)
	at com.kms.katalon.core.webui.keyword.WebUiBuiltInKeywords.click(WebUiBuiltInKeywords.groovy:616)
	at com.kms.katalon.core.webui.keyword.WebUiBuiltInKeywords$click$3.call(Unknown Source)
	at TC_05_ChangePassword.run(TC_05_ChangePassword:31)
	at com.kms.katalon.core.main.ScriptEngine.run(ScriptEngine.java:194)
	at com.kms.katalon.core.main.ScriptEngine.runScriptAsRawText(ScriptEngine.java:119)
	at com.kms.katalon.core.main.TestCaseExecutor.runScript(TestCaseExecutor.java:337)
	at com.kms.katalon.core.main.TestCaseExecutor.doExecute(TestCaseExecutor.java:328)
	at com.kms.katalon.core.main.TestCaseExecutor.processExecutionPhase(TestCaseExecutor.java:307)
	at com.kms.katalon.core.main.TestCaseExecutor.accessMainPhase(TestCaseExecutor.java:299)
	at com.kms.katalon.core.main.TestCaseExecutor.execute(TestCaseExecutor.java:233)
	at com.kms.katalon.core.main.TestSuiteExecutor.accessTestCaseMainPhase(TestSuiteExecutor.java:169)
	at com.kms.katalon.core.main.TestSuiteExecutor.accessTestSuiteMainPhase(TestSuiteExecutor.java:142)
	at com.kms.katalon.core.main.TestSuiteExecutor.execute(TestSuiteExecutor.java:91)
	at com.kms.katalon.core.main.TestCaseMain.startTestSuite(TestCaseMain.java:157)
	at com.kms.katalon.core.main.TestCaseMain$startTestSuite$0.call(Unknown Source)
	at TempTestSuite1590370646910.run(TempTestSuite1590370646910.groovy:37)
Caused by: com.kms.katalon.core.webui.exception.WebElementNotFoundException: Web element with id: 'Object Repository/data-driven/05_ChangePassword/Page_Town Square - Xun Nghim Mattermost/span' located by 'By.xpath: //div[@id='headerInfo']/button/span' not found
	at com.kms.katalon.core.webui.common.WebUiCommonHelper.findWebElement(WebUiCommonHelper.java:1154)
	at com.kms.katalon.core.webui.keyword.internal.WebUIAbstractKeyword.findWebElement(WebUIAbstractKeyword.groovy:27)
	at com.kms.katalon.core.webui.keyword.internal.WebUIAbstractKeyword.findWebElement(WebUIAbstractKeyword.groovy:26)
	at com.kms.katalon.core.webui.keyword.builtin.ClickKeyword$_click_closure1.doCall(ClickKeyword.groovy:67)
	at com.kms.katalon.core.webui.keyword.builtin.ClickKeyword$_click_closure1.call(ClickKeyword.groovy)
	at com.kms.katalon.core.webui.keyword.internal.WebUIKeywordMain.runKeyword(WebUIKeywordMain.groovy:20)
	... 19 more


2020-05-25 08:39:57 - [TEST_STEP][PASSED] - openBrowser(""): Browser is opened with url: ''

2020-05-25 08:39:57 - [MESSAGE][WARNING] - A browser is already opened. Closing browser and opening a new one

2020-05-25 08:39:58 - [MESSAGE][INFO] - Starting 'Chrome' driver

2020-05-25 08:39:58 - [MESSAGE][INFO] - Action delay is set to 0 milliseconds

2020-05-25 08:40:02 - [MESSAGE][PASSED] - Browser is opened with url: ''

2020-05-25 08:40:02 - [TEST_STEP][PASSED] - navigateToUrl("https://mattermost-cdnc.herokuapp.com/xuan-nghiem-210/channels/town-square"): Navigate to 'https://mattermost-cdnc.herokuapp.com/xuan-nghiem-210/channels/town-square' successfully

2020-05-25 08:40:08 - [MESSAGE][PASSED] - Navigate to 'https://mattermost-cdnc.herokuapp.com/xuan-nghiem-210/channels/town-square' successfully

2020-05-25 08:40:08 - [TEST_STEP][PASSED] - setText(findTestObject("Object Repository/data-driven/05_ChangePassword/Page_Mattermost/input_All team communication in one place s_703ef5"), "xuanghjem"): Text 'xuanghjem' is set on object 'Object Repository/data-driven/05_ChangePassword/Page_Mattermost/input_All team communication in one place s_703ef5'

2020-05-25 08:40:20 - [MESSAGE][PASSED] - Text 'xuanghjem' is set on object 'Object Repository/data-driven/05_ChangePassword/Page_Mattermost/input_All team communication in one place s_703ef5'

2020-05-25 08:40:20 - [TEST_STEP][PASSED] - setEncryptedText(findTestObject("Object Repository/data-driven/05_ChangePassword/Page_Mattermost/input_All team communication in one place s_2f2733"), password): Text ****** has been set on object 'Object Repository/data-driven/05_ChangePassword/Page_Mattermost/input_All team communication in one place s_2f2733'

2020-05-25 08:40:21 - [MESSAGE][PASSED] - Text ****** has been set on object 'Object Repository/data-driven/05_ChangePassword/Page_Mattermost/input_All team communication in one place s_2f2733'

2020-05-25 08:40:21 - [TEST_STEP][PASSED] - click(findTestObject("Object Repository/data-driven/05_ChangePassword/Page_Mattermost/span_Sign in")): Object: 'Object Repository/data-driven/05_ChangePassword/Page_Mattermost/span_Sign in' is clicked on

2020-05-25 08:40:22 - [MESSAGE][PASSED] - Object: 'Object Repository/data-driven/05_ChangePassword/Page_Mattermost/span_Sign in' is clicked on

2020-05-25 08:40:22 - [TEST_STEP][FAILED] - click(findTestObject("Object Repository/data-driven/05_ChangePassword/Page_Town Square - Xun Nghim Mattermost/span")): Unable to click on object 'Object Repository/data-driven/05_ChangePassword/Page_Town Square - Xun Nghim Mattermost/span' (Root cause: com.kms.katalon.core.exception.StepFailedException: Unable to click on object 'Object Repository/data-driven/05_ChangePassword/Page_Town Square - Xun Nghim Mattermost/span'
	at com.kms.katalon.core.webui.keyword.internal.WebUIKeywordMain.stepFailed(WebUIKeywordMain.groovy:64)
	at com.kms.katalon.core.webui.keyword.internal.WebUIKeywordMain.runKeyword(WebUIKeywordMain.groovy:26)
	at com.kms.katalon.core.webui.keyword.builtin.ClickKeyword.click(ClickKeyword.groovy:76)
	at com.kms.katalon.core.webui.keyword.builtin.ClickKeyword.execute(ClickKeyword.groovy:43)
	at com.kms.katalon.core.keyword.internal.KeywordExecutor.executeKeywordForPlatform(KeywordExecutor.groovy:72)
	at com.kms.katalon.core.webui.keyword.WebUiBuiltInKeywords.click(WebUiBuiltInKeywords.groovy:616)
	at com.kms.katalon.core.webui.keyword.WebUiBuiltInKeywords$click$3.call(Unknown Source)
	at TC_05_ChangePassword.run(TC_05_ChangePassword:31)
	at com.kms.katalon.core.main.ScriptEngine.run(ScriptEngine.java:194)
	at com.kms.katalon.core.main.ScriptEngine.runScriptAsRawText(ScriptEngine.java:119)
	at com.kms.katalon.core.main.TestCaseExecutor.runScript(TestCaseExecutor.java:337)
	at com.kms.katalon.core.main.TestCaseExecutor.doExecute(TestCaseExecutor.java:328)
	at com.kms.katalon.core.main.TestCaseExecutor.processExecutionPhase(TestCaseExecutor.java:307)
	at com.kms.katalon.core.main.TestCaseExecutor.accessMainPhase(TestCaseExecutor.java:299)
	at com.kms.katalon.core.main.TestCaseExecutor.execute(TestCaseExecutor.java:233)
	at com.kms.katalon.core.main.TestSuiteExecutor.accessTestCaseMainPhase(TestSuiteExecutor.java:169)
	at com.kms.katalon.core.main.TestSuiteExecutor.accessTestSuiteMainPhase(TestSuiteExecutor.java:142)
	at com.kms.katalon.core.main.TestSuiteExecutor.execute(TestSuiteExecutor.java:91)
	at com.kms.katalon.core.main.TestCaseMain.startTestSuite(TestCaseMain.java:157)
	at com.kms.katalon.core.main.TestCaseMain$startTestSuite$0.call(Unknown Source)
	at TempTestSuite1590370646910.run(TempTestSuite1590370646910.groovy:37)
Caused by: com.kms.katalon.core.webui.exception.WebElementNotFoundException: Web element with id: 'Object Repository/data-driven/05_ChangePassword/Page_Town Square - Xun Nghim Mattermost/span' located by 'By.xpath: //div[@id='headerInfo']/button/span' not found
	at com.kms.katalon.core.webui.common.WebUiCommonHelper.findWebElement(WebUiCommonHelper.java:1154)
	at com.kms.katalon.core.webui.keyword.internal.WebUIAbstractKeyword.findWebElement(WebUIAbstractKeyword.groovy:27)
	at com.kms.katalon.core.webui.keyword.internal.WebUIAbstractKeyword.findWebElement(WebUIAbstractKeyword.groovy:26)
	at com.kms.katalon.core.webui.keyword.builtin.ClickKeyword$_click_closure1.doCall(ClickKeyword.groovy:67)
	at com.kms.katalon.core.webui.keyword.builtin.ClickKeyword$_click_closure1.call(ClickKeyword.groovy)
	at com.kms.katalon.core.webui.keyword.internal.WebUIKeywordMain.runKeyword(WebUIKeywordMain.groovy:20)
	at com.kms.katalon.core.webui.keyword.builtin.ClickKeyword.click(ClickKeyword.groovy:76)
	at com.kms.katalon.core.webui.keyword.builtin.ClickKeyword.execute(ClickKeyword.groovy:43)
	at com.kms.katalon.core.keyword.internal.KeywordExecutor.executeKeywordForPlatform(KeywordExecutor.groovy:72)
	at com.kms.katalon.core.webui.keyword.WebUiBuiltInKeywords.click(WebUiBuiltInKeywords.groovy:616)
	at com.kms.katalon.core.webui.keyword.WebUiBuiltInKeywords$click$3.call(Unknown Source)
	at Script1590367318570.run(Script1590367318570.groovy:31)
	... 13 more
)

2020-05-25 08:41:08 - [MESSAGE][INFO] - Unable to find the element located by 'By.xpath: //div[@id='headerInfo']/button/span'. Please recheck the objects properties to make sure the desired element is located. 

2020-05-25 08:41:08 - [MESSAGE][FAILED] - Unable to click on object 'Object Repository/data-driven/05_ChangePassword/Page_Town Square - Xun Nghim Mattermost/span' (Root cause: com.kms.katalon.core.exception.StepFailedException: Unable to click on object 'Object Repository/data-driven/05_ChangePassword/Page_Town Square - Xun Nghim Mattermost/span'
	at com.kms.katalon.core.webui.keyword.internal.WebUIKeywordMain.stepFailed(WebUIKeywordMain.groovy:64)
	at com.kms.katalon.core.webui.keyword.internal.WebUIKeywordMain.runKeyword(WebUIKeywordMain.groovy:26)
	at com.kms.katalon.core.webui.keyword.builtin.ClickKeyword.click(ClickKeyword.groovy:76)
	at com.kms.katalon.core.webui.keyword.builtin.ClickKeyword.execute(ClickKeyword.groovy:43)
	at com.kms.katalon.core.keyword.internal.KeywordExecutor.executeKeywordForPlatform(KeywordExecutor.groovy:72)
	at com.kms.katalon.core.webui.keyword.WebUiBuiltInKeywords.click(WebUiBuiltInKeywords.groovy:616)
	at com.kms.katalon.core.webui.keyword.WebUiBuiltInKeywords$click$3.call(Unknown Source)
	at TC_05_ChangePassword.run(TC_05_ChangePassword:31)
	at com.kms.katalon.core.main.ScriptEngine.run(ScriptEngine.java:194)
	at com.kms.katalon.core.main.ScriptEngine.runScriptAsRawText(ScriptEngine.java:119)
	at com.kms.katalon.core.main.TestCaseExecutor.runScript(TestCaseExecutor.java:337)
	at com.kms.katalon.core.main.TestCaseExecutor.doExecute(TestCaseExecutor.java:328)
	at com.kms.katalon.core.main.TestCaseExecutor.processExecutionPhase(TestCaseExecutor.java:307)
	at com.kms.katalon.core.main.TestCaseExecutor.accessMainPhase(TestCaseExecutor.java:299)
	at com.kms.katalon.core.main.TestCaseExecutor.execute(TestCaseExecutor.java:233)
	at com.kms.katalon.core.main.TestSuiteExecutor.accessTestCaseMainPhase(TestSuiteExecutor.java:169)
	at com.kms.katalon.core.main.TestSuiteExecutor.accessTestSuiteMainPhase(TestSuiteExecutor.java:142)
	at com.kms.katalon.core.main.TestSuiteExecutor.execute(TestSuiteExecutor.java:91)
	at com.kms.katalon.core.main.TestCaseMain.startTestSuite(TestCaseMain.java:157)
	at com.kms.katalon.core.main.TestCaseMain$startTestSuite$0.call(Unknown Source)
	at TempTestSuite1590370646910.run(TempTestSuite1590370646910.groovy:37)
Caused by: com.kms.katalon.core.webui.exception.WebElementNotFoundException: Web element with id: 'Object Repository/data-driven/05_ChangePassword/Page_Town Square - Xun Nghim Mattermost/span' located by 'By.xpath: //div[@id='headerInfo']/button/span' not found
	at com.kms.katalon.core.webui.common.WebUiCommonHelper.findWebElement(WebUiCommonHelper.java:1154)
	at com.kms.katalon.core.webui.keyword.internal.WebUIAbstractKeyword.findWebElement(WebUIAbstractKeyword.groovy:27)
	at com.kms.katalon.core.webui.keyword.internal.WebUIAbstractKeyword.findWebElement(WebUIAbstractKeyword.groovy:26)
	at com.kms.katalon.core.webui.keyword.builtin.ClickKeyword$_click_closure1.doCall(ClickKeyword.groovy:67)
	at com.kms.katalon.core.webui.keyword.builtin.ClickKeyword$_click_closure1.call(ClickKeyword.groovy)
	at com.kms.katalon.core.webui.keyword.internal.WebUIKeywordMain.runKeyword(WebUIKeywordMain.groovy:20)
	at com.kms.katalon.core.webui.keyword.builtin.ClickKeyword.click(ClickKeyword.groovy:76)
	at com.kms.katalon.core.webui.keyword.builtin.ClickKeyword.execute(ClickKeyword.groovy:43)
	at com.kms.katalon.core.keyword.internal.KeywordExecutor.executeKeywordForPlatform(KeywordExecutor.groovy:72)
	at com.kms.katalon.core.webui.keyword.WebUiBuiltInKeywords.click(WebUiBuiltInKeywords.groovy:616)
	at com.kms.katalon.core.webui.keyword.WebUiBuiltInKeywords$click$3.call(Unknown Source)
	at Script1590367318570.run(Script1590367318570.groovy:31)
	... 13 more
)
[[ATTACHMENT|C:\\Users\\XuanNghiem\\git\\mattermost-katalon-testing\\Reports\\20200525_083726\\data-driven\\TS_05_Changepassword\\20200525_083726\\1590370868407.png]]]]></system-out>
         <system-err><![CDATA[2020-05-25 08:39:57 - [TEST_CASE][FAILED] - Test Cases/Requirement_02/data-driven/TC_05_ChangePassword: Test Cases/Requirement_02/data-driven/TC_05_ChangePassword FAILED.
Reason:
com.kms.katalon.core.exception.StepFailedException: Unable to click on object 'Object Repository/data-driven/05_ChangePassword/Page_Town Square - Xun Nghim Mattermost/span'
	at com.kms.katalon.core.webui.keyword.internal.WebUIKeywordMain.stepFailed(WebUIKeywordMain.groovy:64)
	at com.kms.katalon.core.webui.keyword.internal.WebUIKeywordMain.runKeyword(WebUIKeywordMain.groovy:26)
	at com.kms.katalon.core.webui.keyword.builtin.ClickKeyword.click(ClickKeyword.groovy:76)
	at com.kms.katalon.core.webui.keyword.builtin.ClickKeyword.execute(ClickKeyword.groovy:43)
	at com.kms.katalon.core.keyword.internal.KeywordExecutor.executeKeywordForPlatform(KeywordExecutor.groovy:72)
	at com.kms.katalon.core.webui.keyword.WebUiBuiltInKeywords.click(WebUiBuiltInKeywords.groovy:616)
	at com.kms.katalon.core.webui.keyword.WebUiBuiltInKeywords$click$3.call(Unknown Source)
	at TC_05_ChangePassword.run(TC_05_ChangePassword:31)
	at com.kms.katalon.core.main.ScriptEngine.run(ScriptEngine.java:194)
	at com.kms.katalon.core.main.ScriptEngine.runScriptAsRawText(ScriptEngine.java:119)
	at com.kms.katalon.core.main.TestCaseExecutor.runScript(TestCaseExecutor.java:337)
	at com.kms.katalon.core.main.TestCaseExecutor.doExecute(TestCaseExecutor.java:328)
	at com.kms.katalon.core.main.TestCaseExecutor.processExecutionPhase(TestCaseExecutor.java:307)
	at com.kms.katalon.core.main.TestCaseExecutor.accessMainPhase(TestCaseExecutor.java:299)
	at com.kms.katalon.core.main.TestCaseExecutor.execute(TestCaseExecutor.java:233)
	at com.kms.katalon.core.main.TestSuiteExecutor.accessTestCaseMainPhase(TestSuiteExecutor.java:169)
	at com.kms.katalon.core.main.TestSuiteExecutor.accessTestSuiteMainPhase(TestSuiteExecutor.java:142)
	at com.kms.katalon.core.main.TestSuiteExecutor.execute(TestSuiteExecutor.java:91)
	at com.kms.katalon.core.main.TestCaseMain.startTestSuite(TestCaseMain.java:157)
	at com.kms.katalon.core.main.TestCaseMain$startTestSuite$0.call(Unknown Source)
	at TempTestSuite1590370646910.run(TempTestSuite1590370646910.groovy:37)
Caused by: com.kms.katalon.core.webui.exception.WebElementNotFoundException: Web element with id: 'Object Repository/data-driven/05_ChangePassword/Page_Town Square - Xun Nghim Mattermost/span' located by 'By.xpath: //div[@id='headerInfo']/button/span' not found
	at com.kms.katalon.core.webui.common.WebUiCommonHelper.findWebElement(WebUiCommonHelper.java:1154)
	at com.kms.katalon.core.webui.keyword.internal.WebUIAbstractKeyword.findWebElement(WebUIAbstractKeyword.groovy:27)
	at com.kms.katalon.core.webui.keyword.internal.WebUIAbstractKeyword.findWebElement(WebUIAbstractKeyword.groovy:26)
	at com.kms.katalon.core.webui.keyword.builtin.ClickKeyword$_click_closure1.doCall(ClickKeyword.groovy:67)
	at com.kms.katalon.core.webui.keyword.builtin.ClickKeyword$_click_closure1.call(ClickKeyword.groovy)
	at com.kms.katalon.core.webui.keyword.internal.WebUIKeywordMain.runKeyword(WebUIKeywordMain.groovy:20)
	... 19 more]]></system-err>
      </testcase>
      <testcase name="Test Cases/Requirement_02/data-driven/TC_05_ChangePassword" time="70.566" classname="Test Cases/Requirement_02/data-driven/TC_05_ChangePassword" status="FAILED">
         <failure type="FAILED" message="Test Cases/Requirement_02/data-driven/TC_05_ChangePassword FAILED.
Reason:
com.kms.katalon.core.exception.StepFailedException: Unable to click on object 'Object Repository/data-driven/05_ChangePassword/Page_Town Square - Xun Nghim Mattermost/span'
	at com.kms.katalon.core.webui.keyword.internal.WebUIKeywordMain.stepFailed(WebUIKeywordMain.groovy:64)
	at com.kms.katalon.core.webui.keyword.internal.WebUIKeywordMain.runKeyword(WebUIKeywordMain.groovy:26)
	at com.kms.katalon.core.webui.keyword.builtin.ClickKeyword.click(ClickKeyword.groovy:76)
	at com.kms.katalon.core.webui.keyword.builtin.ClickKeyword.execute(ClickKeyword.groovy:43)
	at com.kms.katalon.core.keyword.internal.KeywordExecutor.executeKeywordForPlatform(KeywordExecutor.groovy:72)
	at com.kms.katalon.core.webui.keyword.WebUiBuiltInKeywords.click(WebUiBuiltInKeywords.groovy:616)
	at com.kms.katalon.core.webui.keyword.WebUiBuiltInKeywords$click$3.call(Unknown Source)
	at TC_05_ChangePassword.run(TC_05_ChangePassword:31)
	at com.kms.katalon.core.main.ScriptEngine.run(ScriptEngine.java:194)
	at com.kms.katalon.core.main.ScriptEngine.runScriptAsRawText(ScriptEngine.java:119)
	at com.kms.katalon.core.main.TestCaseExecutor.runScript(TestCaseExecutor.java:337)
	at com.kms.katalon.core.main.TestCaseExecutor.doExecute(TestCaseExecutor.java:328)
	at com.kms.katalon.core.main.TestCaseExecutor.processExecutionPhase(TestCaseExecutor.java:307)
	at com.kms.katalon.core.main.TestCaseExecutor.accessMainPhase(TestCaseExecutor.java:299)
	at com.kms.katalon.core.main.TestCaseExecutor.execute(TestCaseExecutor.java:233)
	at com.kms.katalon.core.main.TestSuiteExecutor.accessTestCaseMainPhase(TestSuiteExecutor.java:169)
	at com.kms.katalon.core.main.TestSuiteExecutor.accessTestSuiteMainPhase(TestSuiteExecutor.java:142)
	at com.kms.katalon.core.main.TestSuiteExecutor.execute(TestSuiteExecutor.java:91)
	at com.kms.katalon.core.main.TestCaseMain.startTestSuite(TestCaseMain.java:157)
	at com.kms.katalon.core.main.TestCaseMain$startTestSuite$0.call(Unknown Source)
	at TempTestSuite1590370646910.run(TempTestSuite1590370646910.groovy:37)
Caused by: com.kms.katalon.core.webui.exception.WebElementNotFoundException: Web element with id: 'Object Repository/data-driven/05_ChangePassword/Page_Town Square - Xun Nghim Mattermost/span' located by 'By.xpath: //div[@id='headerInfo']/button/span' not found
	at com.kms.katalon.core.webui.common.WebUiCommonHelper.findWebElement(WebUiCommonHelper.java:1154)
	at com.kms.katalon.core.webui.keyword.internal.WebUIAbstractKeyword.findWebElement(WebUIAbstractKeyword.groovy:27)
	at com.kms.katalon.core.webui.keyword.internal.WebUIAbstractKeyword.findWebElement(WebUIAbstractKeyword.groovy:26)
	at com.kms.katalon.core.webui.keyword.builtin.ClickKeyword$_click_closure1.doCall(ClickKeyword.groovy:67)
	at com.kms.katalon.core.webui.keyword.builtin.ClickKeyword$_click_closure1.call(ClickKeyword.groovy)
	at com.kms.katalon.core.webui.keyword.internal.WebUIKeywordMain.runKeyword(WebUIKeywordMain.groovy:20)
	... 19 more
"/>
         <system-out><![CDATA[2020-05-25 08:41:08 - [TEST_CASE][FAILED] - Test Cases/Requirement_02/data-driven/TC_05_ChangePassword: Test Cases/Requirement_02/data-driven/TC_05_ChangePassword FAILED.
Reason:
com.kms.katalon.core.exception.StepFailedException: Unable to click on object 'Object Repository/data-driven/05_ChangePassword/Page_Town Square - Xun Nghim Mattermost/span'
	at com.kms.katalon.core.webui.keyword.internal.WebUIKeywordMain.stepFailed(WebUIKeywordMain.groovy:64)
	at com.kms.katalon.core.webui.keyword.internal.WebUIKeywordMain.runKeyword(WebUIKeywordMain.groovy:26)
	at com.kms.katalon.core.webui.keyword.builtin.ClickKeyword.click(ClickKeyword.groovy:76)
	at com.kms.katalon.core.webui.keyword.builtin.ClickKeyword.execute(ClickKeyword.groovy:43)
	at com.kms.katalon.core.keyword.internal.KeywordExecutor.executeKeywordForPlatform(KeywordExecutor.groovy:72)
	at com.kms.katalon.core.webui.keyword.WebUiBuiltInKeywords.click(WebUiBuiltInKeywords.groovy:616)
	at com.kms.katalon.core.webui.keyword.WebUiBuiltInKeywords$click$3.call(Unknown Source)
	at TC_05_ChangePassword.run(TC_05_ChangePassword:31)
	at com.kms.katalon.core.main.ScriptEngine.run(ScriptEngine.java:194)
	at com.kms.katalon.core.main.ScriptEngine.runScriptAsRawText(ScriptEngine.java:119)
	at com.kms.katalon.core.main.TestCaseExecutor.runScript(TestCaseExecutor.java:337)
	at com.kms.katalon.core.main.TestCaseExecutor.doExecute(TestCaseExecutor.java:328)
	at com.kms.katalon.core.main.TestCaseExecutor.processExecutionPhase(TestCaseExecutor.java:307)
	at com.kms.katalon.core.main.TestCaseExecutor.accessMainPhase(TestCaseExecutor.java:299)
	at com.kms.katalon.core.main.TestCaseExecutor.execute(TestCaseExecutor.java:233)
	at com.kms.katalon.core.main.TestSuiteExecutor.accessTestCaseMainPhase(TestSuiteExecutor.java:169)
	at com.kms.katalon.core.main.TestSuiteExecutor.accessTestSuiteMainPhase(TestSuiteExecutor.java:142)
	at com.kms.katalon.core.main.TestSuiteExecutor.execute(TestSuiteExecutor.java:91)
	at com.kms.katalon.core.main.TestCaseMain.startTestSuite(TestCaseMain.java:157)
	at com.kms.katalon.core.main.TestCaseMain$startTestSuite$0.call(Unknown Source)
	at TempTestSuite1590370646910.run(TempTestSuite1590370646910.groovy:37)
Caused by: com.kms.katalon.core.webui.exception.WebElementNotFoundException: Web element with id: 'Object Repository/data-driven/05_ChangePassword/Page_Town Square - Xun Nghim Mattermost/span' located by 'By.xpath: //div[@id='headerInfo']/button/span' not found
	at com.kms.katalon.core.webui.common.WebUiCommonHelper.findWebElement(WebUiCommonHelper.java:1154)
	at com.kms.katalon.core.webui.keyword.internal.WebUIAbstractKeyword.findWebElement(WebUIAbstractKeyword.groovy:27)
	at com.kms.katalon.core.webui.keyword.internal.WebUIAbstractKeyword.findWebElement(WebUIAbstractKeyword.groovy:26)
	at com.kms.katalon.core.webui.keyword.builtin.ClickKeyword$_click_closure1.doCall(ClickKeyword.groovy:67)
	at com.kms.katalon.core.webui.keyword.builtin.ClickKeyword$_click_closure1.call(ClickKeyword.groovy)
	at com.kms.katalon.core.webui.keyword.internal.WebUIKeywordMain.runKeyword(WebUIKeywordMain.groovy:20)
	... 19 more


2020-05-25 08:41:08 - [TEST_STEP][PASSED] - openBrowser(""): Browser is opened with url: ''

2020-05-25 08:41:08 - [MESSAGE][WARNING] - A browser is already opened. Closing browser and opening a new one

2020-05-25 08:41:10 - [MESSAGE][INFO] - Starting 'Chrome' driver

2020-05-25 08:41:10 - [MESSAGE][INFO] - Action delay is set to 0 milliseconds

2020-05-25 08:41:14 - [MESSAGE][PASSED] - Browser is opened with url: ''

2020-05-25 08:41:14 - [TEST_STEP][PASSED] - navigateToUrl("https://mattermost-cdnc.herokuapp.com/xuan-nghiem-210/channels/town-square"): Navigate to 'https://mattermost-cdnc.herokuapp.com/xuan-nghiem-210/channels/town-square' successfully

2020-05-25 08:41:22 - [MESSAGE][PASSED] - Navigate to 'https://mattermost-cdnc.herokuapp.com/xuan-nghiem-210/channels/town-square' successfully

2020-05-25 08:41:22 - [TEST_STEP][PASSED] - setText(findTestObject("Object Repository/data-driven/05_ChangePassword/Page_Mattermost/input_All team communication in one place s_703ef5"), "xuanghjem"): Text 'xuanghjem' is set on object 'Object Repository/data-driven/05_ChangePassword/Page_Mattermost/input_All team communication in one place s_703ef5'

2020-05-25 08:41:31 - [MESSAGE][PASSED] - Text 'xuanghjem' is set on object 'Object Repository/data-driven/05_ChangePassword/Page_Mattermost/input_All team communication in one place s_703ef5'

2020-05-25 08:41:31 - [TEST_STEP][PASSED] - setEncryptedText(findTestObject("Object Repository/data-driven/05_ChangePassword/Page_Mattermost/input_All team communication in one place s_2f2733"), password): Text ****** has been set on object 'Object Repository/data-driven/05_ChangePassword/Page_Mattermost/input_All team communication in one place s_2f2733'

2020-05-25 08:41:32 - [MESSAGE][PASSED] - Text ****** has been set on object 'Object Repository/data-driven/05_ChangePassword/Page_Mattermost/input_All team communication in one place s_2f2733'

2020-05-25 08:41:32 - [TEST_STEP][PASSED] - click(findTestObject("Object Repository/data-driven/05_ChangePassword/Page_Mattermost/span_Sign in")): Object: 'Object Repository/data-driven/05_ChangePassword/Page_Mattermost/span_Sign in' is clicked on

2020-05-25 08:41:32 - [MESSAGE][PASSED] - Object: 'Object Repository/data-driven/05_ChangePassword/Page_Mattermost/span_Sign in' is clicked on

2020-05-25 08:41:32 - [TEST_STEP][FAILED] - click(findTestObject("Object Repository/data-driven/05_ChangePassword/Page_Town Square - Xun Nghim Mattermost/span")): Unable to click on object 'Object Repository/data-driven/05_ChangePassword/Page_Town Square - Xun Nghim Mattermost/span' (Root cause: com.kms.katalon.core.exception.StepFailedException: Unable to click on object 'Object Repository/data-driven/05_ChangePassword/Page_Town Square - Xun Nghim Mattermost/span'
	at com.kms.katalon.core.webui.keyword.internal.WebUIKeywordMain.stepFailed(WebUIKeywordMain.groovy:64)
	at com.kms.katalon.core.webui.keyword.internal.WebUIKeywordMain.runKeyword(WebUIKeywordMain.groovy:26)
	at com.kms.katalon.core.webui.keyword.builtin.ClickKeyword.click(ClickKeyword.groovy:76)
	at com.kms.katalon.core.webui.keyword.builtin.ClickKeyword.execute(ClickKeyword.groovy:43)
	at com.kms.katalon.core.keyword.internal.KeywordExecutor.executeKeywordForPlatform(KeywordExecutor.groovy:72)
	at com.kms.katalon.core.webui.keyword.WebUiBuiltInKeywords.click(WebUiBuiltInKeywords.groovy:616)
	at com.kms.katalon.core.webui.keyword.WebUiBuiltInKeywords$click$3.call(Unknown Source)
	at TC_05_ChangePassword.run(TC_05_ChangePassword:31)
	at com.kms.katalon.core.main.ScriptEngine.run(ScriptEngine.java:194)
	at com.kms.katalon.core.main.ScriptEngine.runScriptAsRawText(ScriptEngine.java:119)
	at com.kms.katalon.core.main.TestCaseExecutor.runScript(TestCaseExecutor.java:337)
	at com.kms.katalon.core.main.TestCaseExecutor.doExecute(TestCaseExecutor.java:328)
	at com.kms.katalon.core.main.TestCaseExecutor.processExecutionPhase(TestCaseExecutor.java:307)
	at com.kms.katalon.core.main.TestCaseExecutor.accessMainPhase(TestCaseExecutor.java:299)
	at com.kms.katalon.core.main.TestCaseExecutor.execute(TestCaseExecutor.java:233)
	at com.kms.katalon.core.main.TestSuiteExecutor.accessTestCaseMainPhase(TestSuiteExecutor.java:169)
	at com.kms.katalon.core.main.TestSuiteExecutor.accessTestSuiteMainPhase(TestSuiteExecutor.java:142)
	at com.kms.katalon.core.main.TestSuiteExecutor.execute(TestSuiteExecutor.java:91)
	at com.kms.katalon.core.main.TestCaseMain.startTestSuite(TestCaseMain.java:157)
	at com.kms.katalon.core.main.TestCaseMain$startTestSuite$0.call(Unknown Source)
	at TempTestSuite1590370646910.run(TempTestSuite1590370646910.groovy:37)
Caused by: com.kms.katalon.core.webui.exception.WebElementNotFoundException: Web element with id: 'Object Repository/data-driven/05_ChangePassword/Page_Town Square - Xun Nghim Mattermost/span' located by 'By.xpath: //div[@id='headerInfo']/button/span' not found
	at com.kms.katalon.core.webui.common.WebUiCommonHelper.findWebElement(WebUiCommonHelper.java:1154)
	at com.kms.katalon.core.webui.keyword.internal.WebUIAbstractKeyword.findWebElement(WebUIAbstractKeyword.groovy:27)
	at com.kms.katalon.core.webui.keyword.internal.WebUIAbstractKeyword.findWebElement(WebUIAbstractKeyword.groovy:26)
	at com.kms.katalon.core.webui.keyword.builtin.ClickKeyword$_click_closure1.doCall(ClickKeyword.groovy:67)
	at com.kms.katalon.core.webui.keyword.builtin.ClickKeyword$_click_closure1.call(ClickKeyword.groovy)
	at com.kms.katalon.core.webui.keyword.internal.WebUIKeywordMain.runKeyword(WebUIKeywordMain.groovy:20)
	at com.kms.katalon.core.webui.keyword.builtin.ClickKeyword.click(ClickKeyword.groovy:76)
	at com.kms.katalon.core.webui.keyword.builtin.ClickKeyword.execute(ClickKeyword.groovy:43)
	at com.kms.katalon.core.keyword.internal.KeywordExecutor.executeKeywordForPlatform(KeywordExecutor.groovy:72)
	at com.kms.katalon.core.webui.keyword.WebUiBuiltInKeywords.click(WebUiBuiltInKeywords.groovy:616)
	at com.kms.katalon.core.webui.keyword.WebUiBuiltInKeywords$click$3.call(Unknown Source)
	at Script1590367318570.run(Script1590367318570.groovy:31)
	... 13 more
)

2020-05-25 08:42:19 - [MESSAGE][INFO] - Unable to find the element located by 'By.xpath: //div[@id='headerInfo']/button/span'. Please recheck the objects properties to make sure the desired element is located. 

2020-05-25 08:42:19 - [MESSAGE][FAILED] - Unable to click on object 'Object Repository/data-driven/05_ChangePassword/Page_Town Square - Xun Nghim Mattermost/span' (Root cause: com.kms.katalon.core.exception.StepFailedException: Unable to click on object 'Object Repository/data-driven/05_ChangePassword/Page_Town Square - Xun Nghim Mattermost/span'
	at com.kms.katalon.core.webui.keyword.internal.WebUIKeywordMain.stepFailed(WebUIKeywordMain.groovy:64)
	at com.kms.katalon.core.webui.keyword.internal.WebUIKeywordMain.runKeyword(WebUIKeywordMain.groovy:26)
	at com.kms.katalon.core.webui.keyword.builtin.ClickKeyword.click(ClickKeyword.groovy:76)
	at com.kms.katalon.core.webui.keyword.builtin.ClickKeyword.execute(ClickKeyword.groovy:43)
	at com.kms.katalon.core.keyword.internal.KeywordExecutor.executeKeywordForPlatform(KeywordExecutor.groovy:72)
	at com.kms.katalon.core.webui.keyword.WebUiBuiltInKeywords.click(WebUiBuiltInKeywords.groovy:616)
	at com.kms.katalon.core.webui.keyword.WebUiBuiltInKeywords$click$3.call(Unknown Source)
	at TC_05_ChangePassword.run(TC_05_ChangePassword:31)
	at com.kms.katalon.core.main.ScriptEngine.run(ScriptEngine.java:194)
	at com.kms.katalon.core.main.ScriptEngine.runScriptAsRawText(ScriptEngine.java:119)
	at com.kms.katalon.core.main.TestCaseExecutor.runScript(TestCaseExecutor.java:337)
	at com.kms.katalon.core.main.TestCaseExecutor.doExecute(TestCaseExecutor.java:328)
	at com.kms.katalon.core.main.TestCaseExecutor.processExecutionPhase(TestCaseExecutor.java:307)
	at com.kms.katalon.core.main.TestCaseExecutor.accessMainPhase(TestCaseExecutor.java:299)
	at com.kms.katalon.core.main.TestCaseExecutor.execute(TestCaseExecutor.java:233)
	at com.kms.katalon.core.main.TestSuiteExecutor.accessTestCaseMainPhase(TestSuiteExecutor.java:169)
	at com.kms.katalon.core.main.TestSuiteExecutor.accessTestSuiteMainPhase(TestSuiteExecutor.java:142)
	at com.kms.katalon.core.main.TestSuiteExecutor.execute(TestSuiteExecutor.java:91)
	at com.kms.katalon.core.main.TestCaseMain.startTestSuite(TestCaseMain.java:157)
	at com.kms.katalon.core.main.TestCaseMain$startTestSuite$0.call(Unknown Source)
	at TempTestSuite1590370646910.run(TempTestSuite1590370646910.groovy:37)
Caused by: com.kms.katalon.core.webui.exception.WebElementNotFoundException: Web element with id: 'Object Repository/data-driven/05_ChangePassword/Page_Town Square - Xun Nghim Mattermost/span' located by 'By.xpath: //div[@id='headerInfo']/button/span' not found
	at com.kms.katalon.core.webui.common.WebUiCommonHelper.findWebElement(WebUiCommonHelper.java:1154)
	at com.kms.katalon.core.webui.keyword.internal.WebUIAbstractKeyword.findWebElement(WebUIAbstractKeyword.groovy:27)
	at com.kms.katalon.core.webui.keyword.internal.WebUIAbstractKeyword.findWebElement(WebUIAbstractKeyword.groovy:26)
	at com.kms.katalon.core.webui.keyword.builtin.ClickKeyword$_click_closure1.doCall(ClickKeyword.groovy:67)
	at com.kms.katalon.core.webui.keyword.builtin.ClickKeyword$_click_closure1.call(ClickKeyword.groovy)
	at com.kms.katalon.core.webui.keyword.internal.WebUIKeywordMain.runKeyword(WebUIKeywordMain.groovy:20)
	at com.kms.katalon.core.webui.keyword.builtin.ClickKeyword.click(ClickKeyword.groovy:76)
	at com.kms.katalon.core.webui.keyword.builtin.ClickKeyword.execute(ClickKeyword.groovy:43)
	at com.kms.katalon.core.keyword.internal.KeywordExecutor.executeKeywordForPlatform(KeywordExecutor.groovy:72)
	at com.kms.katalon.core.webui.keyword.WebUiBuiltInKeywords.click(WebUiBuiltInKeywords.groovy:616)
	at com.kms.katalon.core.webui.keyword.WebUiBuiltInKeywords$click$3.call(Unknown Source)
	at Script1590367318570.run(Script1590367318570.groovy:31)
	... 13 more
)
[[ATTACHMENT|C:\\Users\\XuanNghiem\\git\\mattermost-katalon-testing\\Reports\\20200525_083726\\data-driven\\TS_05_Changepassword\\20200525_083726\\1590370939084.png]]]]></system-out>
         <system-err><![CDATA[2020-05-25 08:41:08 - [TEST_CASE][FAILED] - Test Cases/Requirement_02/data-driven/TC_05_ChangePassword: Test Cases/Requirement_02/data-driven/TC_05_ChangePassword FAILED.
Reason:
com.kms.katalon.core.exception.StepFailedException: Unable to click on object 'Object Repository/data-driven/05_ChangePassword/Page_Town Square - Xun Nghim Mattermost/span'
	at com.kms.katalon.core.webui.keyword.internal.WebUIKeywordMain.stepFailed(WebUIKeywordMain.groovy:64)
	at com.kms.katalon.core.webui.keyword.internal.WebUIKeywordMain.runKeyword(WebUIKeywordMain.groovy:26)
	at com.kms.katalon.core.webui.keyword.builtin.ClickKeyword.click(ClickKeyword.groovy:76)
	at com.kms.katalon.core.webui.keyword.builtin.ClickKeyword.execute(ClickKeyword.groovy:43)
	at com.kms.katalon.core.keyword.internal.KeywordExecutor.executeKeywordForPlatform(KeywordExecutor.groovy:72)
	at com.kms.katalon.core.webui.keyword.WebUiBuiltInKeywords.click(WebUiBuiltInKeywords.groovy:616)
	at com.kms.katalon.core.webui.keyword.WebUiBuiltInKeywords$click$3.call(Unknown Source)
	at TC_05_ChangePassword.run(TC_05_ChangePassword:31)
	at com.kms.katalon.core.main.ScriptEngine.run(ScriptEngine.java:194)
	at com.kms.katalon.core.main.ScriptEngine.runScriptAsRawText(ScriptEngine.java:119)
	at com.kms.katalon.core.main.TestCaseExecutor.runScript(TestCaseExecutor.java:337)
	at com.kms.katalon.core.main.TestCaseExecutor.doExecute(TestCaseExecutor.java:328)
	at com.kms.katalon.core.main.TestCaseExecutor.processExecutionPhase(TestCaseExecutor.java:307)
	at com.kms.katalon.core.main.TestCaseExecutor.accessMainPhase(TestCaseExecutor.java:299)
	at com.kms.katalon.core.main.TestCaseExecutor.execute(TestCaseExecutor.java:233)
	at com.kms.katalon.core.main.TestSuiteExecutor.accessTestCaseMainPhase(TestSuiteExecutor.java:169)
	at com.kms.katalon.core.main.TestSuiteExecutor.accessTestSuiteMainPhase(TestSuiteExecutor.java:142)
	at com.kms.katalon.core.main.TestSuiteExecutor.execute(TestSuiteExecutor.java:91)
	at com.kms.katalon.core.main.TestCaseMain.startTestSuite(TestCaseMain.java:157)
	at com.kms.katalon.core.main.TestCaseMain$startTestSuite$0.call(Unknown Source)
	at TempTestSuite1590370646910.run(TempTestSuite1590370646910.groovy:37)
Caused by: com.kms.katalon.core.webui.exception.WebElementNotFoundException: Web element with id: 'Object Repository/data-driven/05_ChangePassword/Page_Town Square - Xun Nghim Mattermost/span' located by 'By.xpath: //div[@id='headerInfo']/button/span' not found
	at com.kms.katalon.core.webui.common.WebUiCommonHelper.findWebElement(WebUiCommonHelper.java:1154)
	at com.kms.katalon.core.webui.keyword.internal.WebUIAbstractKeyword.findWebElement(WebUIAbstractKeyword.groovy:27)
	at com.kms.katalon.core.webui.keyword.internal.WebUIAbstractKeyword.findWebElement(WebUIAbstractKeyword.groovy:26)
	at com.kms.katalon.core.webui.keyword.builtin.ClickKeyword$_click_closure1.doCall(ClickKeyword.groovy:67)
	at com.kms.katalon.core.webui.keyword.builtin.ClickKeyword$_click_closure1.call(ClickKeyword.groovy)
	at com.kms.katalon.core.webui.keyword.internal.WebUIKeywordMain.runKeyword(WebUIKeywordMain.groovy:20)
	... 19 more]]></system-err>
      </testcase>
      <system-out><![CDATA[2020-05-25 08:37:32 - [TEST_SUITE][FAILED] - TS_05_Changepassword: Test Cases/Requirement_02/data-driven/TC_05_ChangePassword FAILED.
Reason:
com.kms.katalon.core.exception.StepFailedException: Unable to click on object 'Object Repository/data-driven/05_ChangePassword/Page_Town Square - Xun Nghim Mattermost/span'
	at com.kms.katalon.core.webui.keyword.internal.WebUIKeywordMain.stepFailed(WebUIKeywordMain.groovy:64)
	at com.kms.katalon.core.webui.keyword.internal.WebUIKeywordMain.runKeyword(WebUIKeywordMain.groovy:26)
	at com.kms.katalon.core.webui.keyword.builtin.ClickKeyword.click(ClickKeyword.groovy:76)
	at com.kms.katalon.core.webui.keyword.builtin.ClickKeyword.execute(ClickKeyword.groovy:43)
	at com.kms.katalon.core.keyword.internal.KeywordExecutor.executeKeywordForPlatform(KeywordExecutor.groovy:72)
	at com.kms.katalon.core.webui.keyword.WebUiBuiltInKeywords.click(WebUiBuiltInKeywords.groovy:616)
	at com.kms.katalon.core.webui.keyword.WebUiBuiltInKeywords$click$3.call(Unknown Source)
	at TC_05_ChangePassword.run(TC_05_ChangePassword:31)
	at com.kms.katalon.core.main.ScriptEngine.run(ScriptEngine.java:194)
	at com.kms.katalon.core.main.ScriptEngine.runScriptAsRawText(ScriptEngine.java:119)
	at com.kms.katalon.core.main.TestCaseExecutor.runScript(TestCaseExecutor.java:337)
	at com.kms.katalon.core.main.TestCaseExecutor.doExecute(TestCaseExecutor.java:328)
	at com.kms.katalon.core.main.TestCaseExecutor.processExecutionPhase(TestCaseExecutor.java:307)
	at com.kms.katalon.core.main.TestCaseExecutor.accessMainPhase(TestCaseExecutor.java:299)
	at com.kms.katalon.core.main.TestCaseExecutor.execute(TestCaseExecutor.java:233)
	at com.kms.katalon.core.main.TestSuiteExecutor.accessTestCaseMainPhase(TestSuiteExecutor.java:169)
	at com.kms.katalon.core.main.TestSuiteExecutor.accessTestSuiteMainPhase(TestSuiteExecutor.java:142)
	at com.kms.katalon.core.main.TestSuiteExecutor.execute(TestSuiteExecutor.java:91)
	at com.kms.katalon.core.main.TestCaseMain.startTestSuite(TestCaseMain.java:157)
	at com.kms.katalon.core.main.TestCaseMain$startTestSuite$0.call(Unknown Source)
	at TempTestSuite1590370646910.run(TempTestSuite1590370646910.groovy:37)
Caused by: com.kms.katalon.core.webui.exception.WebElementNotFoundException: Web element with id: 'Object Repository/data-driven/05_ChangePassword/Page_Town Square - Xun Nghim Mattermost/span' located by 'By.xpath: //div[@id='headerInfo']/button/span' not found
	at com.kms.katalon.core.webui.common.WebUiCommonHelper.findWebElement(WebUiCommonHelper.java:1154)
	at com.kms.katalon.core.webui.keyword.internal.WebUIAbstractKeyword.findWebElement(WebUIAbstractKeyword.groovy:27)
	at com.kms.katalon.core.webui.keyword.internal.WebUIAbstractKeyword.findWebElement(WebUIAbstractKeyword.groovy:26)
	at com.kms.katalon.core.webui.keyword.builtin.ClickKeyword$_click_closure1.doCall(ClickKeyword.groovy:67)
	at com.kms.katalon.core.webui.keyword.builtin.ClickKeyword$_click_closure1.call(ClickKeyword.groovy)
	at com.kms.katalon.core.webui.keyword.internal.WebUIKeywordMain.runKeyword(WebUIKeywordMain.groovy:20)
	... 19 more]]></system-out>
      <system-err><![CDATA[2020-05-25 08:37:32 - [TEST_SUITE][FAILED] - TS_05_Changepassword: Test Cases/Requirement_02/data-driven/TC_05_ChangePassword FAILED.
Reason:
com.kms.katalon.core.exception.StepFailedException: Unable to click on object 'Object Repository/data-driven/05_ChangePassword/Page_Town Square - Xun Nghim Mattermost/span'
	at com.kms.katalon.core.webui.keyword.internal.WebUIKeywordMain.stepFailed(WebUIKeywordMain.groovy:64)
	at com.kms.katalon.core.webui.keyword.internal.WebUIKeywordMain.runKeyword(WebUIKeywordMain.groovy:26)
	at com.kms.katalon.core.webui.keyword.builtin.ClickKeyword.click(ClickKeyword.groovy:76)
	at com.kms.katalon.core.webui.keyword.builtin.ClickKeyword.execute(ClickKeyword.groovy:43)
	at com.kms.katalon.core.keyword.internal.KeywordExecutor.executeKeywordForPlatform(KeywordExecutor.groovy:72)
	at com.kms.katalon.core.webui.keyword.WebUiBuiltInKeywords.click(WebUiBuiltInKeywords.groovy:616)
	at com.kms.katalon.core.webui.keyword.WebUiBuiltInKeywords$click$3.call(Unknown Source)
	at TC_05_ChangePassword.run(TC_05_ChangePassword:31)
	at com.kms.katalon.core.main.ScriptEngine.run(ScriptEngine.java:194)
	at com.kms.katalon.core.main.ScriptEngine.runScriptAsRawText(ScriptEngine.java:119)
	at com.kms.katalon.core.main.TestCaseExecutor.runScript(TestCaseExecutor.java:337)
	at com.kms.katalon.core.main.TestCaseExecutor.doExecute(TestCaseExecutor.java:328)
	at com.kms.katalon.core.main.TestCaseExecutor.processExecutionPhase(TestCaseExecutor.java:307)
	at com.kms.katalon.core.main.TestCaseExecutor.accessMainPhase(TestCaseExecutor.java:299)
	at com.kms.katalon.core.main.TestCaseExecutor.execute(TestCaseExecutor.java:233)
	at com.kms.katalon.core.main.TestSuiteExecutor.accessTestCaseMainPhase(TestSuiteExecutor.java:169)
	at com.kms.katalon.core.main.TestSuiteExecutor.accessTestSuiteMainPhase(TestSuiteExecutor.java:142)
	at com.kms.katalon.core.main.TestSuiteExecutor.execute(TestSuiteExecutor.java:91)
	at com.kms.katalon.core.main.TestCaseMain.startTestSuite(TestCaseMain.java:157)
	at com.kms.katalon.core.main.TestCaseMain$startTestSuite$0.call(Unknown Source)
	at TempTestSuite1590370646910.run(TempTestSuite1590370646910.groovy:37)
Caused by: com.kms.katalon.core.webui.exception.WebElementNotFoundException: Web element with id: 'Object Repository/data-driven/05_ChangePassword/Page_Town Square - Xun Nghim Mattermost/span' located by 'By.xpath: //div[@id='headerInfo']/button/span' not found
	at com.kms.katalon.core.webui.common.WebUiCommonHelper.findWebElement(WebUiCommonHelper.java:1154)
	at com.kms.katalon.core.webui.keyword.internal.WebUIAbstractKeyword.findWebElement(WebUIAbstractKeyword.groovy:27)
	at com.kms.katalon.core.webui.keyword.internal.WebUIAbstractKeyword.findWebElement(WebUIAbstractKeyword.groovy:26)
	at com.kms.katalon.core.webui.keyword.builtin.ClickKeyword$_click_closure1.doCall(ClickKeyword.groovy:67)
	at com.kms.katalon.core.webui.keyword.builtin.ClickKeyword$_click_closure1.call(ClickKeyword.groovy)
	at com.kms.katalon.core.webui.keyword.internal.WebUIKeywordMain.runKeyword(WebUIKeywordMain.groovy:20)
	... 19 more]]></system-err>
   </testsuite>
</testsuites>
