<?xml version="1.0" encoding="UTF-8"?>
<testsuites name="TS_31_Set_a_header" time="27.35" tests="1" failures="0" errors="1">
   <testsuite name="TS_31_Set_a_header" tests="1" failures="0" errors="1" time="27.35" timestamp="2020-05-28 13:27:03" hostname="Son - DESKTOP-77N5D5L" id="Test Suites/data-driven/TS_31_Set_a_header">
      <properties>
         <property name="deviceName" value=""/>
         <property name="devicePlatform" value=""/>
         <property name="logFolder" value="C:\\Users\\Son\\git\\mattermost-katalon-testing\\Reports\\20200528_132654\\data-driven\\TS_31_Set_a_header\\20200528_132654"/>
         <property name="logFiles" value="C:\\Users\\Son\\git\\mattermost-katalon-testing\\Reports\\20200528_132654\\data-driven\\TS_31_Set_a_header\\20200528_132654\\execution0.log"/>
         <property name="attachments" value=""/>
         <property name="hostName" value="Son - DESKTOP-77N5D5L"/>
         <property name="os" value="Windows 10 64bit"/>
         <property name="katalonVersion" value="7.4.0.1"/>
         <property name="browser" value="Chrome 83.0.4103.61"/>
         <property name="hostAddress" value="192.168.6.1"/>
         <property name="sessionId" value="88eb2b73162952dedb1958f4d030262f"/>
         <property name="seleniumVersion" value="3.141.59"/>
         <property name="proxyInformation" value="ProxyInformation{proxyOption=NO_PROXY, proxyServerType=HTTP, password=, proxyServerAddress=, proxyServerPort=0, executionList=}"/>
         <property name="platform" value="Windows 10"/>
      </properties>
      <testcase name="Test Cases/Requirement_02/data-driven/TC_31_Set_a_header" time="25.879" classname="Test Cases/Requirement_02/data-driven/TC_31_Set_a_header" status="ERROR">
         <error type="ERROR" message="Test Cases/Requirement_02/data-driven/TC_31_Set_a_header FAILED.
Reason:
groovy.lang.MissingPropertyException: No such property: content for class: Script1590496404289
	at TC_31_Set_a_header.run(TC_31_Set_a_header:33)
	at com.kms.katalon.core.main.ScriptEngine.run(ScriptEngine.java:194)
	at com.kms.katalon.core.main.ScriptEngine.runScriptAsRawText(ScriptEngine.java:119)
	at com.kms.katalon.core.main.TestCaseExecutor.runScript(TestCaseExecutor.java:337)
	at com.kms.katalon.core.main.TestCaseExecutor.doExecute(TestCaseExecutor.java:328)
	at com.kms.katalon.core.main.TestCaseExecutor.processExecutionPhase(TestCaseExecutor.java:307)
	at com.kms.katalon.core.main.TestCaseExecutor.accessMainPhase(TestCaseExecutor.java:299)
	at com.kms.katalon.core.main.TestCaseExecutor.execute(TestCaseExecutor.java:233)
	at com.kms.katalon.core.main.TestSuiteExecutor.accessTestCaseMainPhase(TestSuiteExecutor.java:169)
	at com.kms.katalon.core.main.TestSuiteExecutor.accessTestSuiteMainPhase(TestSuiteExecutor.java:142)
	at com.kms.katalon.core.main.TestSuiteExecutor.execute(TestSuiteExecutor.java:91)
	at com.kms.katalon.core.main.TestCaseMain.startTestSuite(TestCaseMain.java:157)
	at com.kms.katalon.core.main.TestCaseMain$startTestSuite$0.call(Unknown Source)
	at TempTestSuite1590647219449.run(TempTestSuite1590647219449.groovy:37)
"/>
         <system-out><![CDATA[2020-05-28 13:27:04 - [TEST_CASE][ERROR] - Test Cases/Requirement_02/data-driven/TC_31_Set_a_header: Test Cases/Requirement_02/data-driven/TC_31_Set_a_header FAILED.
Reason:
groovy.lang.MissingPropertyException: No such property: content for class: Script1590496404289
	at TC_31_Set_a_header.run(TC_31_Set_a_header:33)
	at com.kms.katalon.core.main.ScriptEngine.run(ScriptEngine.java:194)
	at com.kms.katalon.core.main.ScriptEngine.runScriptAsRawText(ScriptEngine.java:119)
	at com.kms.katalon.core.main.TestCaseExecutor.runScript(TestCaseExecutor.java:337)
	at com.kms.katalon.core.main.TestCaseExecutor.doExecute(TestCaseExecutor.java:328)
	at com.kms.katalon.core.main.TestCaseExecutor.processExecutionPhase(TestCaseExecutor.java:307)
	at com.kms.katalon.core.main.TestCaseExecutor.accessMainPhase(TestCaseExecutor.java:299)
	at com.kms.katalon.core.main.TestCaseExecutor.execute(TestCaseExecutor.java:233)
	at com.kms.katalon.core.main.TestSuiteExecutor.accessTestCaseMainPhase(TestSuiteExecutor.java:169)
	at com.kms.katalon.core.main.TestSuiteExecutor.accessTestSuiteMainPhase(TestSuiteExecutor.java:142)
	at com.kms.katalon.core.main.TestSuiteExecutor.execute(TestSuiteExecutor.java:91)
	at com.kms.katalon.core.main.TestCaseMain.startTestSuite(TestCaseMain.java:157)
	at com.kms.katalon.core.main.TestCaseMain$startTestSuite$0.call(Unknown Source)
	at TempTestSuite1590647219449.run(TempTestSuite1590647219449.groovy:37)


2020-05-28 13:27:04 - [TEST_STEP][PASSED] - openBrowser(""): Browser is opened with url: ''

2020-05-28 13:27:05 - [MESSAGE][INFO] - Starting 'Chrome' driver

2020-05-28 13:27:05 - [MESSAGE][INFO] - Action delay is set to 0 milliseconds

2020-05-28 13:27:11 - [MESSAGE][PASSED] - Browser is opened with url: ''

2020-05-28 13:27:11 - [TEST_STEP][PASSED] - navigateToUrl("https://mattermost-cdnc.herokuapp.com/login"): Navigate to 'https://mattermost-cdnc.herokuapp.com/login' successfully

2020-05-28 13:27:17 - [MESSAGE][PASSED] - Navigate to 'https://mattermost-cdnc.herokuapp.com/login' successfully

2020-05-28 13:27:17 - [TEST_STEP][PASSED] - setText(findTestObject("data-driven/31_Set_a_header/Page_Mattermost/input_All team communication in one place s_703ef5"), "xuanghjem"): Text 'xuanghjem' is set on object 'Object Repository/data-driven/31_Set_a_header/Page_Mattermost/input_All team communication in one place s_703ef5'

2020-05-28 13:27:25 - [MESSAGE][PASSED] - Text 'xuanghjem' is set on object 'Object Repository/data-driven/31_Set_a_header/Page_Mattermost/input_All team communication in one place s_703ef5'

2020-05-28 13:27:25 - [TEST_STEP][PASSED] - setEncryptedText(findTestObject("data-driven/31_Set_a_header/Page_Mattermost/input_All team communication in one place s_2f2733"), "vR0tJW96iAE="): Text ****** has been set on object 'Object Repository/data-driven/31_Set_a_header/Page_Mattermost/input_All team communication in one place s_2f2733'

2020-05-28 13:27:25 - [MESSAGE][PASSED] - Text ****** has been set on object 'Object Repository/data-driven/31_Set_a_header/Page_Mattermost/input_All team communication in one place s_2f2733'

2020-05-28 13:27:25 - [TEST_STEP][PASSED] - click(findTestObject("data-driven/31_Set_a_header/Page_Mattermost/span_Sign in")): Object: 'Object Repository/data-driven/31_Set_a_header/Page_Mattermost/span_Sign in' is clicked on

2020-05-28 13:27:26 - [MESSAGE][PASSED] - Object: 'Object Repository/data-driven/31_Set_a_header/Page_Mattermost/span_Sign in' is clicked on

2020-05-28 13:27:26 - [TEST_STEP][PASSED] - click(findTestObject("data-driven/31_Set_a_header/Page_Town Square - minh thuy Mattermost/button_Set a Header")): Object: 'Object Repository/data-driven/31_Set_a_header/Page_Town Square - minh thuy Mattermost/button_Set a Header' is clicked on

2020-05-28 13:27:29 - [MESSAGE][PASSED] - Object: 'Object Repository/data-driven/31_Set_a_header/Page_Town Square - minh thuy Mattermost/button_Set a Header' is clicked on

2020-05-28 13:27:29 - [TEST_STEP][PASSED] - setText(findTestObject("data-driven/31_Set_a_header/Page_Town Square - minh thuy Mattermost/textarea_Thanh set header"), content): null]]></system-out>
         <system-err><![CDATA[2020-05-28 13:27:04 - [TEST_CASE][ERROR] - Test Cases/Requirement_02/data-driven/TC_31_Set_a_header: Test Cases/Requirement_02/data-driven/TC_31_Set_a_header FAILED.
Reason:
groovy.lang.MissingPropertyException: No such property: content for class: Script1590496404289
	at TC_31_Set_a_header.run(TC_31_Set_a_header:33)
	at com.kms.katalon.core.main.ScriptEngine.run(ScriptEngine.java:194)
	at com.kms.katalon.core.main.ScriptEngine.runScriptAsRawText(ScriptEngine.java:119)
	at com.kms.katalon.core.main.TestCaseExecutor.runScript(TestCaseExecutor.java:337)
	at com.kms.katalon.core.main.TestCaseExecutor.doExecute(TestCaseExecutor.java:328)
	at com.kms.katalon.core.main.TestCaseExecutor.processExecutionPhase(TestCaseExecutor.java:307)
	at com.kms.katalon.core.main.TestCaseExecutor.accessMainPhase(TestCaseExecutor.java:299)
	at com.kms.katalon.core.main.TestCaseExecutor.execute(TestCaseExecutor.java:233)
	at com.kms.katalon.core.main.TestSuiteExecutor.accessTestCaseMainPhase(TestSuiteExecutor.java:169)
	at com.kms.katalon.core.main.TestSuiteExecutor.accessTestSuiteMainPhase(TestSuiteExecutor.java:142)
	at com.kms.katalon.core.main.TestSuiteExecutor.execute(TestSuiteExecutor.java:91)
	at com.kms.katalon.core.main.TestCaseMain.startTestSuite(TestCaseMain.java:157)
	at com.kms.katalon.core.main.TestCaseMain$startTestSuite$0.call(Unknown Source)
	at TempTestSuite1590647219449.run(TempTestSuite1590647219449.groovy:37)]]></system-err>
      </testcase>
      <system-out><![CDATA[2020-05-28 13:27:03 - [TEST_SUITE][ERROR] - TS_31_Set_a_header: Test Cases/Requirement_02/data-driven/TC_31_Set_a_header FAILED.
Reason:
groovy.lang.MissingPropertyException: No such property: content for class: Script1590496404289
	at TC_31_Set_a_header.run(TC_31_Set_a_header:33)
	at com.kms.katalon.core.main.ScriptEngine.run(ScriptEngine.java:194)
	at com.kms.katalon.core.main.ScriptEngine.runScriptAsRawText(ScriptEngine.java:119)
	at com.kms.katalon.core.main.TestCaseExecutor.runScript(TestCaseExecutor.java:337)
	at com.kms.katalon.core.main.TestCaseExecutor.doExecute(TestCaseExecutor.java:328)
	at com.kms.katalon.core.main.TestCaseExecutor.processExecutionPhase(TestCaseExecutor.java:307)
	at com.kms.katalon.core.main.TestCaseExecutor.accessMainPhase(TestCaseExecutor.java:299)
	at com.kms.katalon.core.main.TestCaseExecutor.execute(TestCaseExecutor.java:233)
	at com.kms.katalon.core.main.TestSuiteExecutor.accessTestCaseMainPhase(TestSuiteExecutor.java:169)
	at com.kms.katalon.core.main.TestSuiteExecutor.accessTestSuiteMainPhase(TestSuiteExecutor.java:142)
	at com.kms.katalon.core.main.TestSuiteExecutor.execute(TestSuiteExecutor.java:91)
	at com.kms.katalon.core.main.TestCaseMain.startTestSuite(TestCaseMain.java:157)
	at com.kms.katalon.core.main.TestCaseMain$startTestSuite$0.call(Unknown Source)
	at TempTestSuite1590647219449.run(TempTestSuite1590647219449.groovy:37)]]></system-out>
      <system-err><![CDATA[2020-05-28 13:27:03 - [TEST_SUITE][ERROR] - TS_31_Set_a_header: Test Cases/Requirement_02/data-driven/TC_31_Set_a_header FAILED.
Reason:
groovy.lang.MissingPropertyException: No such property: content for class: Script1590496404289
	at TC_31_Set_a_header.run(TC_31_Set_a_header:33)
	at com.kms.katalon.core.main.ScriptEngine.run(ScriptEngine.java:194)
	at com.kms.katalon.core.main.ScriptEngine.runScriptAsRawText(ScriptEngine.java:119)
	at com.kms.katalon.core.main.TestCaseExecutor.runScript(TestCaseExecutor.java:337)
	at com.kms.katalon.core.main.TestCaseExecutor.doExecute(TestCaseExecutor.java:328)
	at com.kms.katalon.core.main.TestCaseExecutor.processExecutionPhase(TestCaseExecutor.java:307)
	at com.kms.katalon.core.main.TestCaseExecutor.accessMainPhase(TestCaseExecutor.java:299)
	at com.kms.katalon.core.main.TestCaseExecutor.execute(TestCaseExecutor.java:233)
	at com.kms.katalon.core.main.TestSuiteExecutor.accessTestCaseMainPhase(TestSuiteExecutor.java:169)
	at com.kms.katalon.core.main.TestSuiteExecutor.accessTestSuiteMainPhase(TestSuiteExecutor.java:142)
	at com.kms.katalon.core.main.TestSuiteExecutor.execute(TestSuiteExecutor.java:91)
	at com.kms.katalon.core.main.TestCaseMain.startTestSuite(TestCaseMain.java:157)
	at com.kms.katalon.core.main.TestCaseMain$startTestSuite$0.call(Unknown Source)
	at TempTestSuite1590647219449.run(TempTestSuite1590647219449.groovy:37)]]></system-err>
   </testsuite>
</testsuites>
