<?xml version="1.0" encoding="UTF-8"?>
<testsuites name="TS_05_Changepassword" time="105.995" tests="2" failures="1" errors="0">
   <testsuite name="TS_05_Changepassword" tests="2" failures="1" errors="0" time="105.995" timestamp="2020-05-25 08:19:56" hostname="XuanNghiem - DESKTOP-OT9E64N.mshome.net" id="Test Suites/data-driven/TS_05_Changepassword">
      <properties>
         <property name="deviceName" value=""/>
         <property name="devicePlatform" value=""/>
         <property name="logFolder" value="C:\\Users\\XuanNghiem\\git\\mattermost-katalon-testing\\Reports\\20200525_081950\\data-driven\\TS_05_Changepassword\\20200525_081950"/>
         <property name="logFiles" value="C:\\Users\\XuanNghiem\\git\\mattermost-katalon-testing\\Reports\\20200525_081950\\data-driven\\TS_05_Changepassword\\20200525_081950\\execution0.log"/>
         <property name="attachments" value="C:\\Users\\XuanNghiem\\git\\mattermost-katalon-testing\\Reports\\20200525_081950\\data-driven\\TS_05_Changepassword\\20200525_081950\\1590369701191.png"/>
         <property name="hostName" value="XuanNghiem - DESKTOP-OT9E64N.mshome.net"/>
         <property name="os" value="Windows 10 64bit"/>
         <property name="katalonVersion" value="7.4.0.1"/>
         <property name="browser" value="Chrome 83.0.4103.61"/>
         <property name="hostAddress" value="192.168.137.1"/>
         <property name="sessionId" value="5d0390ae1544f54f9d13ea1266e2fa1f"/>
         <property name="seleniumVersion" value="3.141.59"/>
         <property name="proxyInformation" value="ProxyInformation{proxyOption=NO_PROXY, proxyServerType=HTTP, password=, proxyServerAddress=, proxyServerPort=0, executionList=}"/>
         <property name="platform" value="Windows 10"/>
      </properties>
      <testcase name="Test Cases/Requirement_02/data-driven/TC_05_ChangePassword" time="35.934" classname="Test Cases/Requirement_02/data-driven/TC_05_ChangePassword" status="PASSED">
         <system-out><![CDATA[2020-05-25 08:19:57 - [TEST_CASE][PASSED] - Test Cases/Requirement_02/data-driven/TC_05_ChangePassword: Test Cases/Requirement_02/data-driven/TC_05_ChangePassword

2020-05-25 08:19:59 - [TEST_STEP][PASSED] - openBrowser(""): Browser is opened with url: ''

2020-05-25 08:20:00 - [MESSAGE][INFO] - Starting 'Chrome' driver

2020-05-25 08:20:00 - [MESSAGE][INFO] - Action delay is set to 0 milliseconds

2020-05-25 08:20:07 - [MESSAGE][PASSED] - Browser is opened with url: ''

2020-05-25 08:20:07 - [TEST_STEP][PASSED] - navigateToUrl("https://mattermost-cdnc.herokuapp.com/xuan-nghiem-210/channels/town-square"): Navigate to 'https://mattermost-cdnc.herokuapp.com/xuan-nghiem-210/channels/town-square' successfully

2020-05-25 08:20:13 - [MESSAGE][PASSED] - Navigate to 'https://mattermost-cdnc.herokuapp.com/xuan-nghiem-210/channels/town-square' successfully

2020-05-25 08:20:13 - [TEST_STEP][PASSED] - setText(findTestObject("Object Repository/data-driven/05_ChangePassword/Page_Mattermost/input_All team communication in one place s_703ef5"), "xuanghjem"): Text 'xuanghjem' is set on object 'Object Repository/data-driven/05_ChangePassword/Page_Mattermost/input_All team communication in one place s_703ef5'

2020-05-25 08:20:22 - [MESSAGE][PASSED] - Text 'xuanghjem' is set on object 'Object Repository/data-driven/05_ChangePassword/Page_Mattermost/input_All team communication in one place s_703ef5'

2020-05-25 08:20:22 - [TEST_STEP][PASSED] - setEncryptedText(findTestObject("Object Repository/data-driven/05_ChangePassword/Page_Mattermost/input_All team communication in one place s_2f2733"), "vR0tJW96iAE="): Text ****** has been set on object 'Object Repository/data-driven/05_ChangePassword/Page_Mattermost/input_All team communication in one place s_2f2733'

2020-05-25 08:20:23 - [MESSAGE][PASSED] - Text ****** has been set on object 'Object Repository/data-driven/05_ChangePassword/Page_Mattermost/input_All team communication in one place s_2f2733'

2020-05-25 08:20:23 - [TEST_STEP][PASSED] - click(findTestObject("Object Repository/data-driven/05_ChangePassword/Page_Mattermost/span_Sign in")): Object: 'Object Repository/data-driven/05_ChangePassword/Page_Mattermost/span_Sign in' is clicked on

2020-05-25 08:20:24 - [MESSAGE][PASSED] - Object: 'Object Repository/data-driven/05_ChangePassword/Page_Mattermost/span_Sign in' is clicked on

2020-05-25 08:20:24 - [TEST_STEP][PASSED] - click(findTestObject("Object Repository/data-driven/05_ChangePassword/Page_Town Square - Xun Nghim Mattermost/span")): Object: 'Object Repository/data-driven/05_ChangePassword/Page_Town Square - Xun Nghim Mattermost/span' is clicked on

2020-05-25 08:20:27 - [MESSAGE][PASSED] - Object: 'Object Repository/data-driven/05_ChangePassword/Page_Town Square - Xun Nghim Mattermost/span' is clicked on

2020-05-25 08:20:27 - [TEST_STEP][PASSED] - click(findTestObject("Object Repository/data-driven/05_ChangePassword/Page_Town Square - Xun Nghim Mattermost/span_Account Settings")): Object: 'Object Repository/data-driven/05_ChangePassword/Page_Town Square - Xun Nghim Mattermost/span_Account Settings' is clicked on

2020-05-25 08:20:28 - [MESSAGE][PASSED] - Object: 'Object Repository/data-driven/05_ChangePassword/Page_Town Square - Xun Nghim Mattermost/span_Account Settings' is clicked on

2020-05-25 08:20:28 - [TEST_STEP][PASSED] - click(findTestObject("Object Repository/data-driven/05_ChangePassword/Page_Town Square - Xun Nghim Mattermost/button_Security")): Object: 'Object Repository/data-driven/05_ChangePassword/Page_Town Square - Xun Nghim Mattermost/button_Security' is clicked on

2020-05-25 08:20:29 - [MESSAGE][PASSED] - Object: 'Object Repository/data-driven/05_ChangePassword/Page_Town Square - Xun Nghim Mattermost/button_Security' is clicked on

2020-05-25 08:20:29 - [TEST_STEP][PASSED] - click(findTestObject("Object Repository/data-driven/05_ChangePassword/Page_Town Square - Xun Nghim Mattermost/span_Edit")): Object: 'Object Repository/data-driven/05_ChangePassword/Page_Town Square - Xun Nghim Mattermost/span_Edit' is clicked on

2020-05-25 08:20:30 - [MESSAGE][PASSED] - Object: 'Object Repository/data-driven/05_ChangePassword/Page_Town Square - Xun Nghim Mattermost/span_Edit' is clicked on

2020-05-25 08:20:30 - [TEST_STEP][PASSED] - setEncryptedText(findTestObject("Object Repository/data-driven/05_ChangePassword/Page_Town Square - Xun Nghim Mattermost/input_Current Password_currentPassword"), password): Text ****** has been set on object 'Object Repository/data-driven/05_ChangePassword/Page_Town Square - Xun Nghim Mattermost/input_Current Password_currentPassword'

2020-05-25 08:20:30 - [MESSAGE][PASSED] - Text ****** has been set on object 'Object Repository/data-driven/05_ChangePassword/Page_Town Square - Xun Nghim Mattermost/input_Current Password_currentPassword'

2020-05-25 08:20:30 - [TEST_STEP][PASSED] - setEncryptedText(findTestObject("Object Repository/data-driven/05_ChangePassword/Page_Town Square - Xun Nghim Mattermost/input_New Password_newPassword"), new_password): Text ****** has been set on object 'Object Repository/data-driven/05_ChangePassword/Page_Town Square - Xun Nghim Mattermost/input_New Password_newPassword'

2020-05-25 08:20:31 - [MESSAGE][PASSED] - Text ****** has been set on object 'Object Repository/data-driven/05_ChangePassword/Page_Town Square - Xun Nghim Mattermost/input_New Password_newPassword'

2020-05-25 08:20:31 - [TEST_STEP][PASSED] - setEncryptedText(findTestObject("Object Repository/data-driven/05_ChangePassword/Page_Town Square - Xun Nghim Mattermost/input_Retype New Password_confirmPassword"), confirm_password): Text ****** has been set on object 'Object Repository/data-driven/05_ChangePassword/Page_Town Square - Xun Nghim Mattermost/input_Retype New Password_confirmPassword'

2020-05-25 08:20:32 - [MESSAGE][PASSED] - Text ****** has been set on object 'Object Repository/data-driven/05_ChangePassword/Page_Town Square - Xun Nghim Mattermost/input_Retype New Password_confirmPassword'

2020-05-25 08:20:32 - [TEST_STEP][PASSED] - click(findTestObject("Object Repository/data-driven/05_ChangePassword/Page_Town Square - Xun Nghim Mattermost/span_Save")): Object: 'Object Repository/data-driven/05_ChangePassword/Page_Town Square - Xun Nghim Mattermost/span_Save' is clicked on

2020-05-25 08:20:32 - [MESSAGE][PASSED] - Object: 'Object Repository/data-driven/05_ChangePassword/Page_Town Square - Xun Nghim Mattermost/span_Save' is clicked on

2020-05-25 08:20:32 - [TEST_STEP][PASSED] - closeBrowser(): Browser is closed

2020-05-25 08:20:33 - [MESSAGE][PASSED] - Browser is closed]]></system-out>
         <system-err><![CDATA[]]></system-err>
      </testcase>
      <testcase name="Test Cases/Requirement_02/data-driven/TC_05_ChangePassword" time="67.777" classname="Test Cases/Requirement_02/data-driven/TC_05_ChangePassword" status="FAILED">
         <failure type="FAILED" message="Test Cases/Requirement_02/data-driven/TC_05_ChangePassword FAILED.
Reason:
com.kms.katalon.core.exception.StepFailedException: Unable to click on object 'Object Repository/data-driven/05_ChangePassword/Page_Town Square - Xun Nghim Mattermost/span'
	at com.kms.katalon.core.webui.keyword.internal.WebUIKeywordMain.stepFailed(WebUIKeywordMain.groovy:64)
	at com.kms.katalon.core.webui.keyword.internal.WebUIKeywordMain.runKeyword(WebUIKeywordMain.groovy:26)
	at com.kms.katalon.core.webui.keyword.builtin.ClickKeyword.click(ClickKeyword.groovy:76)
	at com.kms.katalon.core.webui.keyword.builtin.ClickKeyword.execute(ClickKeyword.groovy:43)
	at com.kms.katalon.core.keyword.internal.KeywordExecutor.executeKeywordForPlatform(KeywordExecutor.groovy:72)
	at com.kms.katalon.core.webui.keyword.WebUiBuiltInKeywords.click(WebUiBuiltInKeywords.groovy:616)
	at com.kms.katalon.core.webui.keyword.WebUiBuiltInKeywords$click$3.call(Unknown Source)
	at TC_05_ChangePassword.run(TC_05_ChangePassword:31)
	at com.kms.katalon.core.main.ScriptEngine.run(ScriptEngine.java:194)
	at com.kms.katalon.core.main.ScriptEngine.runScriptAsRawText(ScriptEngine.java:119)
	at com.kms.katalon.core.main.TestCaseExecutor.runScript(TestCaseExecutor.java:337)
	at com.kms.katalon.core.main.TestCaseExecutor.doExecute(TestCaseExecutor.java:328)
	at com.kms.katalon.core.main.TestCaseExecutor.processExecutionPhase(TestCaseExecutor.java:307)
	at com.kms.katalon.core.main.TestCaseExecutor.accessMainPhase(TestCaseExecutor.java:299)
	at com.kms.katalon.core.main.TestCaseExecutor.execute(TestCaseExecutor.java:233)
	at com.kms.katalon.core.main.TestSuiteExecutor.accessTestCaseMainPhase(TestSuiteExecutor.java:169)
	at com.kms.katalon.core.main.TestSuiteExecutor.accessTestSuiteMainPhase(TestSuiteExecutor.java:142)
	at com.kms.katalon.core.main.TestSuiteExecutor.execute(TestSuiteExecutor.java:91)
	at com.kms.katalon.core.main.TestCaseMain.startTestSuite(TestCaseMain.java:157)
	at com.kms.katalon.core.main.TestCaseMain$startTestSuite$0.call(Unknown Source)
	at TempTestSuite1590369590878.run(TempTestSuite1590369590878.groovy:37)
Caused by: com.kms.katalon.core.webui.exception.WebElementNotFoundException: Web element with id: 'Object Repository/data-driven/05_ChangePassword/Page_Town Square - Xun Nghim Mattermost/span' located by 'By.xpath: //div[@id='headerInfo']/button/span' not found
	at com.kms.katalon.core.webui.common.WebUiCommonHelper.findWebElement(WebUiCommonHelper.java:1154)
	at com.kms.katalon.core.webui.keyword.internal.WebUIAbstractKeyword.findWebElement(WebUIAbstractKeyword.groovy:27)
	at com.kms.katalon.core.webui.keyword.internal.WebUIAbstractKeyword.findWebElement(WebUIAbstractKeyword.groovy:26)
	at com.kms.katalon.core.webui.keyword.builtin.ClickKeyword$_click_closure1.doCall(ClickKeyword.groovy:67)
	at com.kms.katalon.core.webui.keyword.builtin.ClickKeyword$_click_closure1.call(ClickKeyword.groovy)
	at com.kms.katalon.core.webui.keyword.internal.WebUIKeywordMain.runKeyword(WebUIKeywordMain.groovy:20)
	... 19 more
"/>
         <system-out><![CDATA[2020-05-25 08:20:33 - [TEST_CASE][FAILED] - Test Cases/Requirement_02/data-driven/TC_05_ChangePassword: Test Cases/Requirement_02/data-driven/TC_05_ChangePassword FAILED.
Reason:
com.kms.katalon.core.exception.StepFailedException: Unable to click on object 'Object Repository/data-driven/05_ChangePassword/Page_Town Square - Xun Nghim Mattermost/span'
	at com.kms.katalon.core.webui.keyword.internal.WebUIKeywordMain.stepFailed(WebUIKeywordMain.groovy:64)
	at com.kms.katalon.core.webui.keyword.internal.WebUIKeywordMain.runKeyword(WebUIKeywordMain.groovy:26)
	at com.kms.katalon.core.webui.keyword.builtin.ClickKeyword.click(ClickKeyword.groovy:76)
	at com.kms.katalon.core.webui.keyword.builtin.ClickKeyword.execute(ClickKeyword.groovy:43)
	at com.kms.katalon.core.keyword.internal.KeywordExecutor.executeKeywordForPlatform(KeywordExecutor.groovy:72)
	at com.kms.katalon.core.webui.keyword.WebUiBuiltInKeywords.click(WebUiBuiltInKeywords.groovy:616)
	at com.kms.katalon.core.webui.keyword.WebUiBuiltInKeywords$click$3.call(Unknown Source)
	at TC_05_ChangePassword.run(TC_05_ChangePassword:31)
	at com.kms.katalon.core.main.ScriptEngine.run(ScriptEngine.java:194)
	at com.kms.katalon.core.main.ScriptEngine.runScriptAsRawText(ScriptEngine.java:119)
	at com.kms.katalon.core.main.TestCaseExecutor.runScript(TestCaseExecutor.java:337)
	at com.kms.katalon.core.main.TestCaseExecutor.doExecute(TestCaseExecutor.java:328)
	at com.kms.katalon.core.main.TestCaseExecutor.processExecutionPhase(TestCaseExecutor.java:307)
	at com.kms.katalon.core.main.TestCaseExecutor.accessMainPhase(TestCaseExecutor.java:299)
	at com.kms.katalon.core.main.TestCaseExecutor.execute(TestCaseExecutor.java:233)
	at com.kms.katalon.core.main.TestSuiteExecutor.accessTestCaseMainPhase(TestSuiteExecutor.java:169)
	at com.kms.katalon.core.main.TestSuiteExecutor.accessTestSuiteMainPhase(TestSuiteExecutor.java:142)
	at com.kms.katalon.core.main.TestSuiteExecutor.execute(TestSuiteExecutor.java:91)
	at com.kms.katalon.core.main.TestCaseMain.startTestSuite(TestCaseMain.java:157)
	at com.kms.katalon.core.main.TestCaseMain$startTestSuite$0.call(Unknown Source)
	at TempTestSuite1590369590878.run(TempTestSuite1590369590878.groovy:37)
Caused by: com.kms.katalon.core.webui.exception.WebElementNotFoundException: Web element with id: 'Object Repository/data-driven/05_ChangePassword/Page_Town Square - Xun Nghim Mattermost/span' located by 'By.xpath: //div[@id='headerInfo']/button/span' not found
	at com.kms.katalon.core.webui.common.WebUiCommonHelper.findWebElement(WebUiCommonHelper.java:1154)
	at com.kms.katalon.core.webui.keyword.internal.WebUIAbstractKeyword.findWebElement(WebUIAbstractKeyword.groovy:27)
	at com.kms.katalon.core.webui.keyword.internal.WebUIAbstractKeyword.findWebElement(WebUIAbstractKeyword.groovy:26)
	at com.kms.katalon.core.webui.keyword.builtin.ClickKeyword$_click_closure1.doCall(ClickKeyword.groovy:67)
	at com.kms.katalon.core.webui.keyword.builtin.ClickKeyword$_click_closure1.call(ClickKeyword.groovy)
	at com.kms.katalon.core.webui.keyword.internal.WebUIKeywordMain.runKeyword(WebUIKeywordMain.groovy:20)
	... 19 more


2020-05-25 08:20:34 - [TEST_STEP][PASSED] - openBrowser(""): Browser is opened with url: ''

2020-05-25 08:20:34 - [MESSAGE][INFO] - Starting 'Chrome' driver

2020-05-25 08:20:34 - [MESSAGE][INFO] - Action delay is set to 0 milliseconds

2020-05-25 08:20:38 - [MESSAGE][PASSED] - Browser is opened with url: ''

2020-05-25 08:20:38 - [TEST_STEP][PASSED] - navigateToUrl("https://mattermost-cdnc.herokuapp.com/xuan-nghiem-210/channels/town-square"): Navigate to 'https://mattermost-cdnc.herokuapp.com/xuan-nghiem-210/channels/town-square' successfully

2020-05-25 08:20:46 - [MESSAGE][PASSED] - Navigate to 'https://mattermost-cdnc.herokuapp.com/xuan-nghiem-210/channels/town-square' successfully

2020-05-25 08:20:46 - [TEST_STEP][PASSED] - setText(findTestObject("Object Repository/data-driven/05_ChangePassword/Page_Mattermost/input_All team communication in one place s_703ef5"), "xuanghjem"): Text 'xuanghjem' is set on object 'Object Repository/data-driven/05_ChangePassword/Page_Mattermost/input_All team communication in one place s_703ef5'

2020-05-25 08:20:58 - [MESSAGE][PASSED] - Text 'xuanghjem' is set on object 'Object Repository/data-driven/05_ChangePassword/Page_Mattermost/input_All team communication in one place s_703ef5'

2020-05-25 08:20:58 - [TEST_STEP][PASSED] - setEncryptedText(findTestObject("Object Repository/data-driven/05_ChangePassword/Page_Mattermost/input_All team communication in one place s_2f2733"), "vR0tJW96iAE="): Text ****** has been set on object 'Object Repository/data-driven/05_ChangePassword/Page_Mattermost/input_All team communication in one place s_2f2733'

2020-05-25 08:20:59 - [MESSAGE][PASSED] - Text ****** has been set on object 'Object Repository/data-driven/05_ChangePassword/Page_Mattermost/input_All team communication in one place s_2f2733'

2020-05-25 08:20:59 - [TEST_STEP][PASSED] - click(findTestObject("Object Repository/data-driven/05_ChangePassword/Page_Mattermost/span_Sign in")): Object: 'Object Repository/data-driven/05_ChangePassword/Page_Mattermost/span_Sign in' is clicked on

2020-05-25 08:20:59 - [MESSAGE][PASSED] - Object: 'Object Repository/data-driven/05_ChangePassword/Page_Mattermost/span_Sign in' is clicked on

2020-05-25 08:20:59 - [TEST_STEP][FAILED] - click(findTestObject("Object Repository/data-driven/05_ChangePassword/Page_Town Square - Xun Nghim Mattermost/span")): Unable to click on object 'Object Repository/data-driven/05_ChangePassword/Page_Town Square - Xun Nghim Mattermost/span' (Root cause: com.kms.katalon.core.exception.StepFailedException: Unable to click on object 'Object Repository/data-driven/05_ChangePassword/Page_Town Square - Xun Nghim Mattermost/span'
	at com.kms.katalon.core.webui.keyword.internal.WebUIKeywordMain.stepFailed(WebUIKeywordMain.groovy:64)
	at com.kms.katalon.core.webui.keyword.internal.WebUIKeywordMain.runKeyword(WebUIKeywordMain.groovy:26)
	at com.kms.katalon.core.webui.keyword.builtin.ClickKeyword.click(ClickKeyword.groovy:76)
	at com.kms.katalon.core.webui.keyword.builtin.ClickKeyword.execute(ClickKeyword.groovy:43)
	at com.kms.katalon.core.keyword.internal.KeywordExecutor.executeKeywordForPlatform(KeywordExecutor.groovy:72)
	at com.kms.katalon.core.webui.keyword.WebUiBuiltInKeywords.click(WebUiBuiltInKeywords.groovy:616)
	at com.kms.katalon.core.webui.keyword.WebUiBuiltInKeywords$click$3.call(Unknown Source)
	at TC_05_ChangePassword.run(TC_05_ChangePassword:31)
	at com.kms.katalon.core.main.ScriptEngine.run(ScriptEngine.java:194)
	at com.kms.katalon.core.main.ScriptEngine.runScriptAsRawText(ScriptEngine.java:119)
	at com.kms.katalon.core.main.TestCaseExecutor.runScript(TestCaseExecutor.java:337)
	at com.kms.katalon.core.main.TestCaseExecutor.doExecute(TestCaseExecutor.java:328)
	at com.kms.katalon.core.main.TestCaseExecutor.processExecutionPhase(TestCaseExecutor.java:307)
	at com.kms.katalon.core.main.TestCaseExecutor.accessMainPhase(TestCaseExecutor.java:299)
	at com.kms.katalon.core.main.TestCaseExecutor.execute(TestCaseExecutor.java:233)
	at com.kms.katalon.core.main.TestSuiteExecutor.accessTestCaseMainPhase(TestSuiteExecutor.java:169)
	at com.kms.katalon.core.main.TestSuiteExecutor.accessTestSuiteMainPhase(TestSuiteExecutor.java:142)
	at com.kms.katalon.core.main.TestSuiteExecutor.execute(TestSuiteExecutor.java:91)
	at com.kms.katalon.core.main.TestCaseMain.startTestSuite(TestCaseMain.java:157)
	at com.kms.katalon.core.main.TestCaseMain$startTestSuite$0.call(Unknown Source)
	at TempTestSuite1590369590878.run(TempTestSuite1590369590878.groovy:37)
Caused by: com.kms.katalon.core.webui.exception.WebElementNotFoundException: Web element with id: 'Object Repository/data-driven/05_ChangePassword/Page_Town Square - Xun Nghim Mattermost/span' located by 'By.xpath: //div[@id='headerInfo']/button/span' not found
	at com.kms.katalon.core.webui.common.WebUiCommonHelper.findWebElement(WebUiCommonHelper.java:1154)
	at com.kms.katalon.core.webui.keyword.internal.WebUIAbstractKeyword.findWebElement(WebUIAbstractKeyword.groovy:27)
	at com.kms.katalon.core.webui.keyword.internal.WebUIAbstractKeyword.findWebElement(WebUIAbstractKeyword.groovy:26)
	at com.kms.katalon.core.webui.keyword.builtin.ClickKeyword$_click_closure1.doCall(ClickKeyword.groovy:67)
	at com.kms.katalon.core.webui.keyword.builtin.ClickKeyword$_click_closure1.call(ClickKeyword.groovy)
	at com.kms.katalon.core.webui.keyword.internal.WebUIKeywordMain.runKeyword(WebUIKeywordMain.groovy:20)
	at com.kms.katalon.core.webui.keyword.builtin.ClickKeyword.click(ClickKeyword.groovy:76)
	at com.kms.katalon.core.webui.keyword.builtin.ClickKeyword.execute(ClickKeyword.groovy:43)
	at com.kms.katalon.core.keyword.internal.KeywordExecutor.executeKeywordForPlatform(KeywordExecutor.groovy:72)
	at com.kms.katalon.core.webui.keyword.WebUiBuiltInKeywords.click(WebUiBuiltInKeywords.groovy:616)
	at com.kms.katalon.core.webui.keyword.WebUiBuiltInKeywords$click$3.call(Unknown Source)
	at Script1590367318570.run(Script1590367318570.groovy:31)
	... 13 more
)

2020-05-25 08:21:41 - [MESSAGE][INFO] - Unable to find the element located by 'By.xpath: //div[@id='headerInfo']/button/span'. Please recheck the objects properties to make sure the desired element is located. 

2020-05-25 08:21:41 - [MESSAGE][FAILED] - Unable to click on object 'Object Repository/data-driven/05_ChangePassword/Page_Town Square - Xun Nghim Mattermost/span' (Root cause: com.kms.katalon.core.exception.StepFailedException: Unable to click on object 'Object Repository/data-driven/05_ChangePassword/Page_Town Square - Xun Nghim Mattermost/span'
	at com.kms.katalon.core.webui.keyword.internal.WebUIKeywordMain.stepFailed(WebUIKeywordMain.groovy:64)
	at com.kms.katalon.core.webui.keyword.internal.WebUIKeywordMain.runKeyword(WebUIKeywordMain.groovy:26)
	at com.kms.katalon.core.webui.keyword.builtin.ClickKeyword.click(ClickKeyword.groovy:76)
	at com.kms.katalon.core.webui.keyword.builtin.ClickKeyword.execute(ClickKeyword.groovy:43)
	at com.kms.katalon.core.keyword.internal.KeywordExecutor.executeKeywordForPlatform(KeywordExecutor.groovy:72)
	at com.kms.katalon.core.webui.keyword.WebUiBuiltInKeywords.click(WebUiBuiltInKeywords.groovy:616)
	at com.kms.katalon.core.webui.keyword.WebUiBuiltInKeywords$click$3.call(Unknown Source)
	at TC_05_ChangePassword.run(TC_05_ChangePassword:31)
	at com.kms.katalon.core.main.ScriptEngine.run(ScriptEngine.java:194)
	at com.kms.katalon.core.main.ScriptEngine.runScriptAsRawText(ScriptEngine.java:119)
	at com.kms.katalon.core.main.TestCaseExecutor.runScript(TestCaseExecutor.java:337)
	at com.kms.katalon.core.main.TestCaseExecutor.doExecute(TestCaseExecutor.java:328)
	at com.kms.katalon.core.main.TestCaseExecutor.processExecutionPhase(TestCaseExecutor.java:307)
	at com.kms.katalon.core.main.TestCaseExecutor.accessMainPhase(TestCaseExecutor.java:299)
	at com.kms.katalon.core.main.TestCaseExecutor.execute(TestCaseExecutor.java:233)
	at com.kms.katalon.core.main.TestSuiteExecutor.accessTestCaseMainPhase(TestSuiteExecutor.java:169)
	at com.kms.katalon.core.main.TestSuiteExecutor.accessTestSuiteMainPhase(TestSuiteExecutor.java:142)
	at com.kms.katalon.core.main.TestSuiteExecutor.execute(TestSuiteExecutor.java:91)
	at com.kms.katalon.core.main.TestCaseMain.startTestSuite(TestCaseMain.java:157)
	at com.kms.katalon.core.main.TestCaseMain$startTestSuite$0.call(Unknown Source)
	at TempTestSuite1590369590878.run(TempTestSuite1590369590878.groovy:37)
Caused by: com.kms.katalon.core.webui.exception.WebElementNotFoundException: Web element with id: 'Object Repository/data-driven/05_ChangePassword/Page_Town Square - Xun Nghim Mattermost/span' located by 'By.xpath: //div[@id='headerInfo']/button/span' not found
	at com.kms.katalon.core.webui.common.WebUiCommonHelper.findWebElement(WebUiCommonHelper.java:1154)
	at com.kms.katalon.core.webui.keyword.internal.WebUIAbstractKeyword.findWebElement(WebUIAbstractKeyword.groovy:27)
	at com.kms.katalon.core.webui.keyword.internal.WebUIAbstractKeyword.findWebElement(WebUIAbstractKeyword.groovy:26)
	at com.kms.katalon.core.webui.keyword.builtin.ClickKeyword$_click_closure1.doCall(ClickKeyword.groovy:67)
	at com.kms.katalon.core.webui.keyword.builtin.ClickKeyword$_click_closure1.call(ClickKeyword.groovy)
	at com.kms.katalon.core.webui.keyword.internal.WebUIKeywordMain.runKeyword(WebUIKeywordMain.groovy:20)
	at com.kms.katalon.core.webui.keyword.builtin.ClickKeyword.click(ClickKeyword.groovy:76)
	at com.kms.katalon.core.webui.keyword.builtin.ClickKeyword.execute(ClickKeyword.groovy:43)
	at com.kms.katalon.core.keyword.internal.KeywordExecutor.executeKeywordForPlatform(KeywordExecutor.groovy:72)
	at com.kms.katalon.core.webui.keyword.WebUiBuiltInKeywords.click(WebUiBuiltInKeywords.groovy:616)
	at com.kms.katalon.core.webui.keyword.WebUiBuiltInKeywords$click$3.call(Unknown Source)
	at Script1590367318570.run(Script1590367318570.groovy:31)
	... 13 more
)
[[ATTACHMENT|C:\\Users\\XuanNghiem\\git\\mattermost-katalon-testing\\Reports\\20200525_081950\\data-driven\\TS_05_Changepassword\\20200525_081950\\1590369701191.png]]]]></system-out>
         <system-err><![CDATA[2020-05-25 08:20:33 - [TEST_CASE][FAILED] - Test Cases/Requirement_02/data-driven/TC_05_ChangePassword: Test Cases/Requirement_02/data-driven/TC_05_ChangePassword FAILED.
Reason:
com.kms.katalon.core.exception.StepFailedException: Unable to click on object 'Object Repository/data-driven/05_ChangePassword/Page_Town Square - Xun Nghim Mattermost/span'
	at com.kms.katalon.core.webui.keyword.internal.WebUIKeywordMain.stepFailed(WebUIKeywordMain.groovy:64)
	at com.kms.katalon.core.webui.keyword.internal.WebUIKeywordMain.runKeyword(WebUIKeywordMain.groovy:26)
	at com.kms.katalon.core.webui.keyword.builtin.ClickKeyword.click(ClickKeyword.groovy:76)
	at com.kms.katalon.core.webui.keyword.builtin.ClickKeyword.execute(ClickKeyword.groovy:43)
	at com.kms.katalon.core.keyword.internal.KeywordExecutor.executeKeywordForPlatform(KeywordExecutor.groovy:72)
	at com.kms.katalon.core.webui.keyword.WebUiBuiltInKeywords.click(WebUiBuiltInKeywords.groovy:616)
	at com.kms.katalon.core.webui.keyword.WebUiBuiltInKeywords$click$3.call(Unknown Source)
	at TC_05_ChangePassword.run(TC_05_ChangePassword:31)
	at com.kms.katalon.core.main.ScriptEngine.run(ScriptEngine.java:194)
	at com.kms.katalon.core.main.ScriptEngine.runScriptAsRawText(ScriptEngine.java:119)
	at com.kms.katalon.core.main.TestCaseExecutor.runScript(TestCaseExecutor.java:337)
	at com.kms.katalon.core.main.TestCaseExecutor.doExecute(TestCaseExecutor.java:328)
	at com.kms.katalon.core.main.TestCaseExecutor.processExecutionPhase(TestCaseExecutor.java:307)
	at com.kms.katalon.core.main.TestCaseExecutor.accessMainPhase(TestCaseExecutor.java:299)
	at com.kms.katalon.core.main.TestCaseExecutor.execute(TestCaseExecutor.java:233)
	at com.kms.katalon.core.main.TestSuiteExecutor.accessTestCaseMainPhase(TestSuiteExecutor.java:169)
	at com.kms.katalon.core.main.TestSuiteExecutor.accessTestSuiteMainPhase(TestSuiteExecutor.java:142)
	at com.kms.katalon.core.main.TestSuiteExecutor.execute(TestSuiteExecutor.java:91)
	at com.kms.katalon.core.main.TestCaseMain.startTestSuite(TestCaseMain.java:157)
	at com.kms.katalon.core.main.TestCaseMain$startTestSuite$0.call(Unknown Source)
	at TempTestSuite1590369590878.run(TempTestSuite1590369590878.groovy:37)
Caused by: com.kms.katalon.core.webui.exception.WebElementNotFoundException: Web element with id: 'Object Repository/data-driven/05_ChangePassword/Page_Town Square - Xun Nghim Mattermost/span' located by 'By.xpath: //div[@id='headerInfo']/button/span' not found
	at com.kms.katalon.core.webui.common.WebUiCommonHelper.findWebElement(WebUiCommonHelper.java:1154)
	at com.kms.katalon.core.webui.keyword.internal.WebUIAbstractKeyword.findWebElement(WebUIAbstractKeyword.groovy:27)
	at com.kms.katalon.core.webui.keyword.internal.WebUIAbstractKeyword.findWebElement(WebUIAbstractKeyword.groovy:26)
	at com.kms.katalon.core.webui.keyword.builtin.ClickKeyword$_click_closure1.doCall(ClickKeyword.groovy:67)
	at com.kms.katalon.core.webui.keyword.builtin.ClickKeyword$_click_closure1.call(ClickKeyword.groovy)
	at com.kms.katalon.core.webui.keyword.internal.WebUIKeywordMain.runKeyword(WebUIKeywordMain.groovy:20)
	... 19 more]]></system-err>
      </testcase>
      <system-out><![CDATA[2020-05-25 08:19:56 - [TEST_SUITE][FAILED] - TS_05_Changepassword: Test Cases/Requirement_02/data-driven/TC_05_ChangePassword FAILED.
Reason:
com.kms.katalon.core.exception.StepFailedException: Unable to click on object 'Object Repository/data-driven/05_ChangePassword/Page_Town Square - Xun Nghim Mattermost/span'
	at com.kms.katalon.core.webui.keyword.internal.WebUIKeywordMain.stepFailed(WebUIKeywordMain.groovy:64)
	at com.kms.katalon.core.webui.keyword.internal.WebUIKeywordMain.runKeyword(WebUIKeywordMain.groovy:26)
	at com.kms.katalon.core.webui.keyword.builtin.ClickKeyword.click(ClickKeyword.groovy:76)
	at com.kms.katalon.core.webui.keyword.builtin.ClickKeyword.execute(ClickKeyword.groovy:43)
	at com.kms.katalon.core.keyword.internal.KeywordExecutor.executeKeywordForPlatform(KeywordExecutor.groovy:72)
	at com.kms.katalon.core.webui.keyword.WebUiBuiltInKeywords.click(WebUiBuiltInKeywords.groovy:616)
	at com.kms.katalon.core.webui.keyword.WebUiBuiltInKeywords$click$3.call(Unknown Source)
	at TC_05_ChangePassword.run(TC_05_ChangePassword:31)
	at com.kms.katalon.core.main.ScriptEngine.run(ScriptEngine.java:194)
	at com.kms.katalon.core.main.ScriptEngine.runScriptAsRawText(ScriptEngine.java:119)
	at com.kms.katalon.core.main.TestCaseExecutor.runScript(TestCaseExecutor.java:337)
	at com.kms.katalon.core.main.TestCaseExecutor.doExecute(TestCaseExecutor.java:328)
	at com.kms.katalon.core.main.TestCaseExecutor.processExecutionPhase(TestCaseExecutor.java:307)
	at com.kms.katalon.core.main.TestCaseExecutor.accessMainPhase(TestCaseExecutor.java:299)
	at com.kms.katalon.core.main.TestCaseExecutor.execute(TestCaseExecutor.java:233)
	at com.kms.katalon.core.main.TestSuiteExecutor.accessTestCaseMainPhase(TestSuiteExecutor.java:169)
	at com.kms.katalon.core.main.TestSuiteExecutor.accessTestSuiteMainPhase(TestSuiteExecutor.java:142)
	at com.kms.katalon.core.main.TestSuiteExecutor.execute(TestSuiteExecutor.java:91)
	at com.kms.katalon.core.main.TestCaseMain.startTestSuite(TestCaseMain.java:157)
	at com.kms.katalon.core.main.TestCaseMain$startTestSuite$0.call(Unknown Source)
	at TempTestSuite1590369590878.run(TempTestSuite1590369590878.groovy:37)
Caused by: com.kms.katalon.core.webui.exception.WebElementNotFoundException: Web element with id: 'Object Repository/data-driven/05_ChangePassword/Page_Town Square - Xun Nghim Mattermost/span' located by 'By.xpath: //div[@id='headerInfo']/button/span' not found
	at com.kms.katalon.core.webui.common.WebUiCommonHelper.findWebElement(WebUiCommonHelper.java:1154)
	at com.kms.katalon.core.webui.keyword.internal.WebUIAbstractKeyword.findWebElement(WebUIAbstractKeyword.groovy:27)
	at com.kms.katalon.core.webui.keyword.internal.WebUIAbstractKeyword.findWebElement(WebUIAbstractKeyword.groovy:26)
	at com.kms.katalon.core.webui.keyword.builtin.ClickKeyword$_click_closure1.doCall(ClickKeyword.groovy:67)
	at com.kms.katalon.core.webui.keyword.builtin.ClickKeyword$_click_closure1.call(ClickKeyword.groovy)
	at com.kms.katalon.core.webui.keyword.internal.WebUIKeywordMain.runKeyword(WebUIKeywordMain.groovy:20)
	... 19 more]]></system-out>
      <system-err><![CDATA[2020-05-25 08:19:56 - [TEST_SUITE][FAILED] - TS_05_Changepassword: Test Cases/Requirement_02/data-driven/TC_05_ChangePassword FAILED.
Reason:
com.kms.katalon.core.exception.StepFailedException: Unable to click on object 'Object Repository/data-driven/05_ChangePassword/Page_Town Square - Xun Nghim Mattermost/span'
	at com.kms.katalon.core.webui.keyword.internal.WebUIKeywordMain.stepFailed(WebUIKeywordMain.groovy:64)
	at com.kms.katalon.core.webui.keyword.internal.WebUIKeywordMain.runKeyword(WebUIKeywordMain.groovy:26)
	at com.kms.katalon.core.webui.keyword.builtin.ClickKeyword.click(ClickKeyword.groovy:76)
	at com.kms.katalon.core.webui.keyword.builtin.ClickKeyword.execute(ClickKeyword.groovy:43)
	at com.kms.katalon.core.keyword.internal.KeywordExecutor.executeKeywordForPlatform(KeywordExecutor.groovy:72)
	at com.kms.katalon.core.webui.keyword.WebUiBuiltInKeywords.click(WebUiBuiltInKeywords.groovy:616)
	at com.kms.katalon.core.webui.keyword.WebUiBuiltInKeywords$click$3.call(Unknown Source)
	at TC_05_ChangePassword.run(TC_05_ChangePassword:31)
	at com.kms.katalon.core.main.ScriptEngine.run(ScriptEngine.java:194)
	at com.kms.katalon.core.main.ScriptEngine.runScriptAsRawText(ScriptEngine.java:119)
	at com.kms.katalon.core.main.TestCaseExecutor.runScript(TestCaseExecutor.java:337)
	at com.kms.katalon.core.main.TestCaseExecutor.doExecute(TestCaseExecutor.java:328)
	at com.kms.katalon.core.main.TestCaseExecutor.processExecutionPhase(TestCaseExecutor.java:307)
	at com.kms.katalon.core.main.TestCaseExecutor.accessMainPhase(TestCaseExecutor.java:299)
	at com.kms.katalon.core.main.TestCaseExecutor.execute(TestCaseExecutor.java:233)
	at com.kms.katalon.core.main.TestSuiteExecutor.accessTestCaseMainPhase(TestSuiteExecutor.java:169)
	at com.kms.katalon.core.main.TestSuiteExecutor.accessTestSuiteMainPhase(TestSuiteExecutor.java:142)
	at com.kms.katalon.core.main.TestSuiteExecutor.execute(TestSuiteExecutor.java:91)
	at com.kms.katalon.core.main.TestCaseMain.startTestSuite(TestCaseMain.java:157)
	at com.kms.katalon.core.main.TestCaseMain$startTestSuite$0.call(Unknown Source)
	at TempTestSuite1590369590878.run(TempTestSuite1590369590878.groovy:37)
Caused by: com.kms.katalon.core.webui.exception.WebElementNotFoundException: Web element with id: 'Object Repository/data-driven/05_ChangePassword/Page_Town Square - Xun Nghim Mattermost/span' located by 'By.xpath: //div[@id='headerInfo']/button/span' not found
	at com.kms.katalon.core.webui.common.WebUiCommonHelper.findWebElement(WebUiCommonHelper.java:1154)
	at com.kms.katalon.core.webui.keyword.internal.WebUIAbstractKeyword.findWebElement(WebUIAbstractKeyword.groovy:27)
	at com.kms.katalon.core.webui.keyword.internal.WebUIAbstractKeyword.findWebElement(WebUIAbstractKeyword.groovy:26)
	at com.kms.katalon.core.webui.keyword.builtin.ClickKeyword$_click_closure1.doCall(ClickKeyword.groovy:67)
	at com.kms.katalon.core.webui.keyword.builtin.ClickKeyword$_click_closure1.call(ClickKeyword.groovy)
	at com.kms.katalon.core.webui.keyword.internal.WebUIKeywordMain.runKeyword(WebUIKeywordMain.groovy:20)
	... 19 more]]></system-err>
   </testsuite>
</testsuites>
